{"meta": {"format": 3, "version": "7.10.7", "timestamp": "2026-02-18T23:40:42.399243", "branch_coverage": false, "show_contexts": false}, "files": {"app/__init__.py": {"executed_lines": [1], "summary": {"covered_lines": 0, "num_statements": 0, "percent_covered": 100.0, "percent_covered_display": "100", "missing_lines": 0, "excluded_lines": 0}, "missing_lines": [], "excluded_lines": [], "functions": {"": {"executed_lines": [1], "summary": {"covered_lines": 0, "num_statements": 0, "percent_covered": 100.0, "percent_covered_display": "100", "missing_lines": 0, "excluded_lines": 0}, "missing_lines": [], "excluded_lines": []}}, "classes": {"": {"executed_lines": [1], "summary": {"covered_lines": 0, "num_statements": 0, "percent_covered": 100.0, "percent_covered_display": "100", "missing_lines": 0, "excluded_lines": 0}, "missing_lines": [], "excluded_lines": []}}}, "app/api/__init__.py": {"executed_lines": [1], "summary": {"covered_lines": 0, "num_statements": 0, "percent_covered": 100.0, "percent_covered_display": "100", "missing_lines": 0, "excluded_lines": 0}, "missing_lines": [], "excluded_lines": [], "functions": {"": {"executed_lines": [], "summary": {"covered_lines": 0, "num_statements": 0, "percent_covered": 100.0, "percent_covered_display": "100", "missing_lines": 0, "excluded_lines": 0}, "missing_lines": [], "excluded_lines": []}}, "classes": {"": {"executed_lines": [], "summary": {"covered_lines": 0, "num_statements": 0, "percent_covered": 100.0, "percent_covered_display": "100", "missing_lines": 0, "excluded_lines": 0}, "missing_lines": [], "excluded_lines": []}}}, "app/api/v1/__init__.py": {"executed_lines": [1, 3, 4, 5, 6, 7, 8, 9, 10, 11, 12, 13, 14, 15, 16, 17, 18, 19, 20, 21, 22, 23, 25, 27, 28, 29, 30, 31, 32, 33, 34, 35, 36, 37, 38, 39, 40, 41, 42, 43, 44, 45, 46, 47, 50, 51], "summary": {"covered_lines": 46, "num_statements": 47, "percent_covered": 97.87234042553192, "percent_covered_display": "98", "missing_lines": 1, "excluded_lines": 0}, "missing_lines": [52], "excluded_lines": [], "functions": {"ping": {"executed_lines": [], "summary": {"covered_lines": 0, "num_statements": 1, "percent_covered": 0.0, "percent_covered_display": "0", "missing_lines": 1, "excluded_lines": 0}, "missing_lines": [52], "excluded_lines": []}, "": {"executed_lines": [1, 3, 4, 5, 6, 7, 8, 9, 10, 11, 12, 13, 14, 15, 16, 17, 18, 19, 20, 21, 22, 23, 25, 27, 28, 29, 30, 31, 32, 33, 34, 35, 36, 37, 38, 39, 40, 41, 42, 43, 44, 45, 46, 47, 50, 51], "summary": {"covered_lines": 46, "num_statements": 46, "percent_covered": 100.0, "percent_covered_display": "100", "missing_lines": 0, "excluded_lines": 0}, "missing_lines": [], "excluded_lines": []}}, "classes": {"": {"executed_lines": [1, 3, 4, 5, 6, 7, 8, 9, 10, 11, 12, 13, 14, 15, 16, 17, 18, 19, 20, 21, 22, 23, 25, 27, 28, 29, 30, 31, 32, 33, 34, 35, 36, 37, 38, 39, 40, 41, 42, 43, 44, 45, 46, 47, 50, 51], "summary": {"covered_lines": 46, "num_statements": 47, "percent_covered": 97.87234042553192, "percent_covered_display": "98", "missing_lines": 1, "excluded_lines": 0}, "missing_lines": [52], "excluded_lines": []}}}, "app/api/v1/admin.py": {"executed_lines": [1, 4, 6, 7, 8, 10, 11, 12, 13, 28, 29, 30, 36, 37, 43, 48, 51, 52, 61, 91, 92, 142, 143, 153, 156, 169, 170, 177, 199, 200, 209, 210, 213, 214, 222, 227, 228, 237, 243, 244, 250, 257, 258, 268, 271, 294, 295, 302, 324, 325, 334, 346, 347, 355, 363, 364, 374, 377, 394, 395, 404], "summary": {"covered_lines": 60, "num_statements": 98, "percent_covered": 61.224489795918366, "percent_covered_display": "61", "missing_lines": 38, "excluded_lines": 0}, "missing_lines": [62, 63, 64, 67, 78, 88, 110, 112, 113, 114, 116, 119, 129, 139, 166, 178, 179, 180, 181, 223, 224, 238, 239, 240, 251, 291, 303, 304, 305, 341, 342, 343, 356, 357, 391, 407, 408, 409], "excluded_lines": [], "functions": {"admin_login": {"executed_lines": [61], "summary": {"covered_lines": 1, "num_statements": 7, "percent_covered": 14.285714285714286, "percent_covered_display": "14", "missing_lines": 6, "excluded_lines": 0}, "missing_lines": [62, 63, 64, 67, 78, 88], "excluded_lines": []}, "admin_refresh_token": {"executed_lines": [], "summary": {"covered_lines": 0, "num_statements": 8, "percent_covered": 0.0, "percent_covered_display": "0", "missing_lines": 8, "excluded_lines": 0}, "missing_lines": [110, 112, 113, 114, 116, 119, 129, 139], "excluded_lines": []}, "admin_user_list": {"executed_lines": [153, 156], "summary": {"covered_lines": 2, "num_statements": 3, "percent_covered": 66.66666666666667, "percent_covered_display": "67", "missing_lines": 1, "excluded_lines": 0}, "missing_lines": [166], "excluded_lines": []}, "admin_user_detail": {"executed_lines": [177], "summary": {"covered_lines": 1, "num_statements": 5, "percent_covered": 20.0, "percent_covered_display": "20", "missing_lines": 4, "excluded_lines": 0}, "missing_lines": [178, 179, 180, 181], "excluded_lines": []}, "admin_salary_list": {"executed_lines": [209, 210], "summary": {"covered_lines": 2, "num_statements": 2, "percent_covered": 100.0, "percent_covered_display": "100", "missing_lines": 0, "excluded_lines": 0}, "missing_lines": [], "excluded_lines": []}, "admin_salary_delete": {"executed_lines": [222], "summary": {"covered_lines": 1, "num_statements": 3, "percent_covered": 33.333333333333336, "percent_covered_display": "33", "missing_lines": 2, "excluded_lines": 0}, "missing_lines": [223, 224], "excluded_lines": []}, "admin_salary_update_risk": {"executed_lines": [237], "summary": {"covered_lines": 1, "num_statements": 4, "percent_covered": 25.0, "percent_covered_display": "25", "missing_lines": 3, "excluded_lines": 0}, "missing_lines": [238, 239, 240], "excluded_lines": []}, "admin_statistics": {"executed_lines": [250], "summary": {"covered_lines": 1, "num_statements": 2, "percent_covered": 50.0, "percent_covered_display": "50", "missing_lines": 1, "excluded_lines": 0}, "missing_lines": [251], "excluded_lines": []}, "admin_post_list": {"executed_lines": [268, 271], "summary": {"covered_lines": 2, "num_statements": 3, "percent_covered": 66.66666666666667, "percent_covered_display": "67", "missing_lines": 1, "excluded_lines": 0}, "missing_lines": [291], "excluded_lines": []}, "admin_post_detail": {"executed_lines": [302], "summary": {"covered_lines": 1, "num_statements": 4, "percent_covered": 25.0, "percent_covered_display": "25", "missing_lines": 3, "excluded_lines": 0}, "missing_lines": [303, 304, 305], "excluded_lines": []}, "admin_post_update_status": {"executed_lines": [334], "summary": {"covered_lines": 1, "num_statements": 4, "percent_covered": 25.0, "percent_covered_display": "25", "missing_lines": 3, "excluded_lines": 0}, "missing_lines": [341, 342, 343], "excluded_lines": []}, "admin_post_delete": {"executed_lines": [355], "summary": {"covered_lines": 1, "num_statements": 3, "percent_covered": 33.333333333333336, "percent_covered_display": "33", "missing_lines": 2, "excluded_lines": 0}, "missing_lines": [356, 357], "excluded_lines": []}, "admin_comment_list": {"executed_lines": [374, 377], "summary": {"covered_lines": 2, "num_statements": 3, "percent_covered": 66.66666666666667, "percent_covered_display": "67", "missing_lines": 1, "excluded_lines": 0}, "missing_lines": [391], "excluded_lines": []}, "admin_comment_update_risk": {"executed_lines": [404], "summary": {"covered_lines": 1, "num_statements": 4, "percent_covered": 25.0, "percent_covered_display": "25", "missing_lines": 3, "excluded_lines": 0}, "missing_lines": [407, 408, 409], "excluded_lines": []}, "": {"executed_lines": [1, 4, 6, 7, 8, 10, 11, 12, 13, 28, 29, 30, 36, 37, 43, 48, 51, 52, 91, 92, 142, 143, 169, 170, 199, 200, 213, 214, 227, 228, 243, 244, 257, 258, 294, 295, 324, 325, 346, 347, 363, 364, 394, 395], "summary": {"covered_lines": 43, "num_statements": 43, "percent_covered": 100.0, "percent_covered_display": "100", "missing_lines": 0, "excluded_lines": 0}, "missing_lines": [], "excluded_lines": []}}, "classes": {"": {"executed_lines": [1, 4, 6, 7, 8, 10, 11, 12, 13, 28, 29, 30, 36, 37, 43, 48, 51, 52, 61, 91, 92, 142, 143, 153, 156, 169, 170, 177, 199, 200, 209, 210, 213, 214, 222, 227, 228, 237, 243, 244, 250, 257, 258, 268, 271, 294, 295, 302, 324, 325, 334, 346, 347, 355, 363, 364, 374, 377, 394, 395, 404], "summary": {"covered_lines": 60, "num_statements": 98, "percent_covered": 61.224489795918366, "percent_covered_display": "61", "missing_lines": 38, "excluded_lines": 0}, "missing_lines": [62, 63, 64, 67, 78, 88, 110, 112, 113, 114, 116, 119, 129, 139, 166, 178, 179, 180, 181, 223, 224, 238, 239, 240, 251, 291, 303, 304, 305, 341, 342, 343, 356, 357, 391, 407, 408, 409], "excluded_lines": []}}}, "app/api/v1/admin_config.py": {"executed_lines": [1, 4, 5, 7, 9, 10, 11, 12, 13, 14, 16, 21, 22, 23, 24, 25, 26, 27, 30, 31, 32, 33, 34, 35, 36, 39, 40, 41, 42, 43, 44, 45, 46, 47, 48, 50, 51, 54, 55, 72, 73, 86, 87, 112, 113, 128, 129, 130, 133, 134, 155, 156, 169, 170, 199, 200, 217, 218, 219, 222, 223, 226, 227, 275, 276], "summary": {"covered_lines": 64, "num_statements": 147, "percent_covered": 43.53741496598639, "percent_covered_display": "44", "missing_lines": 83, "excluded_lines": 0}, "missing_lines": [61, 63, 64, 65, 66, 67, 68, 69, 79, 80, 81, 82, 83, 94, 96, 97, 98, 99, 101, 103, 104, 107, 108, 109, 119, 121, 122, 123, 140, 142, 143, 144, 145, 146, 147, 148, 149, 150, 162, 163, 164, 165, 166, 177, 179, 182, 183, 184, 186, 188, 189, 194, 195, 196, 206, 208, 211, 212, 234, 236, 238, 239, 240, 242, 243, 244, 245, 248, 249, 251, 254, 256, 270, 272, 283, 285, 288, 289, 290, 291, 293, 298, 299], "excluded_lines": [], "functions": {"list_themes": {"executed_lines": [], "summary": {"covered_lines": 0, "num_statements": 8, "percent_covered": 0.0, "percent_covered_display": "0", "missing_lines": 8, "excluded_lines": 0}, "missing_lines": [61, 63, 64, 65, 66, 67, 68, 69], "excluded_lines": []}, "create_theme": {"executed_lines": [], "summary": {"covered_lines": 0, "num_statements": 5, "percent_covered": 0.0, "percent_covered_display": "0", "missing_lines": 5, "excluded_lines": 0}, "missing_lines": [79, 80, 81, 82, 83], "excluded_lines": []}, "update_theme": {"executed_lines": [], "summary": {"covered_lines": 0, "num_statements": 11, "percent_covered": 0.0, "percent_covered_display": "0", "missing_lines": 11, "excluded_lines": 0}, "missing_lines": [94, 96, 97, 98, 99, 101, 103, 104, 107, 108, 109], "excluded_lines": []}, "delete_theme": {"executed_lines": [], "summary": {"covered_lines": 0, "num_statements": 4, "percent_covered": 0.0, "percent_covered_display": "0", "missing_lines": 4, "excluded_lines": 0}, "missing_lines": [119, 121, 122, 123], "excluded_lines": []}, "list_memberships": {"executed_lines": [], "summary": {"covered_lines": 0, "num_statements": 10, "percent_covered": 0.0, "percent_covered_display": "0", "missing_lines": 10, "excluded_lines": 0}, "missing_lines": [140, 142, 143, 144, 145, 146, 147, 148, 149, 150], "excluded_lines": []}, "create_membership": {"executed_lines": [], "summary": {"covered_lines": 0, "num_statements": 5, "percent_covered": 0.0, "percent_covered_display": "0", "missing_lines": 5, "excluded_lines": 0}, "missing_lines": [162, 163, 164, 165, 166], "excluded_lines": []}, "update_membership": {"executed_lines": [], "summary": {"covered_lines": 0, "num_statements": 11, "percent_covered": 0.0, "percent_covered_display": "0", "missing_lines": 11, "excluded_lines": 0}, "missing_lines": [177, 179, 182, 183, 184, 186, 188, 189, 194, 195, 196], "excluded_lines": []}, "delete_membership": {"executed_lines": [], "summary": {"covered_lines": 0, "num_statements": 4, "percent_covered": 0.0, "percent_covered_display": "0", "missing_lines": 4, "excluded_lines": 0}, "missing_lines": [206, 208, 211, 212], "excluded_lines": []}, "list_orders": {"executed_lines": [], "summary": {"covered_lines": 0, "num_statements": 16, "percent_covered": 0.0, "percent_covered_display": "0", "missing_lines": 16, "excluded_lines": 0}, "missing_lines": [234, 236, 238, 239, 240, 242, 243, 244, 245, 248, 249, 251, 254, 256, 270, 272], "excluded_lines": []}, "update_order_status": {"executed_lines": [], "summary": {"covered_lines": 0, "num_statements": 9, "percent_covered": 0.0, "percent_covered_display": "0", "missing_lines": 9, "excluded_lines": 0}, "missing_lines": [283, 285, 288, 289, 290, 291, 293, 298, 299], "excluded_lines": []}, "": {"executed_lines": [1, 4, 5, 7, 9, 10, 11, 12, 13, 14, 16, 21, 22, 23, 24, 25, 26, 27, 30, 31, 32, 33, 34, 35, 36, 39, 40, 41, 42, 43, 44, 45, 46, 47, 48, 50, 51, 54, 55, 72, 73, 86, 87, 112, 113, 128, 129, 130, 133, 134, 155, 156, 169, 170, 199, 200, 217, 218, 219, 222, 223, 226, 227, 275, 276], "summary": {"covered_lines": 64, "num_statements": 64, "percent_covered": 100.0, "percent_covered_display": "100", "missing_lines": 0, "excluded_lines": 0}, "missing_lines": [], "excluded_lines": []}}, "classes": {"ThemeCreate": {"executed_lines": [], "summary": {"covered_lines": 0, "num_statements": 0, "percent_covered": 100.0, "percent_covered_display": "100", "missing_lines": 0, "excluded_lines": 0}, "missing_lines": [], "excluded_lines": []}, "ThemeUpdate": {"executed_lines": [], "summary": {"covered_lines": 0, "num_statements": 0, "percent_covered": 100.0, "percent_covered_display": "100", "missing_lines": 0, "excluded_lines": 0}, "missing_lines": [], "excluded_lines": []}, "ThemeResponse": {"executed_lines": [], "summary": {"covered_lines": 0, "num_statements": 0, "percent_covered": 100.0, "percent_covered_display": "100", "missing_lines": 0, "excluded_lines": 0}, "missing_lines": [], "excluded_lines": []}, "ThemeResponse.Config": {"executed_lines": [], "summary": {"covered_lines": 0, "num_statements": 0, "percent_covered": 100.0, "percent_covered_display": "100", "missing_lines": 0, "excluded_lines": 0}, "missing_lines": [], "excluded_lines": []}, "MembershipListResponse": {"executed_lines": [], "summary": {"covered_lines": 0, "num_statements": 0, "percent_covered": 100.0, "percent_covered_display": "100", "missing_lines": 0, "excluded_lines": 0}, "missing_lines": [], "excluded_lines": []}, "OrderListResponse": {"executed_lines": [], "summary": {"covered_lines": 0, "num_statements": 0, "percent_covered": 100.0, "percent_covered_display": "100", "missing_lines": 0, "excluded_lines": 0}, "missing_lines": [], "excluded_lines": []}, "OrderStatusUpdate": {"executed_lines": [], "summary": {"covered_lines": 0, "num_statements": 0, "percent_covered": 100.0, "percent_covered_display": "100", "missing_lines": 0, "excluded_lines": 0}, "missing_lines": [], "excluded_lines": []}, "": {"executed_lines": [1, 4, 5, 7, 9, 10, 11, 12, 13, 14, 16, 21, 22, 23, 24, 25, 26, 27, 30, 31, 32, 33, 34, 35, 36, 39, 40, 41, 42, 43, 44, 45, 46, 47, 48, 50, 51, 54, 55, 72, 73, 86, 87, 112, 113, 128, 129, 130, 133, 134, 155, 156, 169, 170, 199, 200, 217, 218, 219, 222, 223, 226, 227, 275, 276], "summary": {"covered_lines": 64, "num_statements": 147, "percent_covered": 43.53741496598639, "percent_covered_display": "44", "missing_lines": 83, "excluded_lines": 0}, "missing_lines": [61, 63, 64, 65, 66, 67, 68, 69, 79, 80, 81, 82, 83, 94, 96, 97, 98, 99, 101, 103, 104, 107, 108, 109, 119, 121, 122, 123, 140, 142, 143, 144, 145, 146, 147, 148, 149, 150, 162, 163, 164, 165, 166, 177, 179, 182, 183, 184, 186, 188, 189, 194, 195, 196, 206, 208, 211, 212, 234, 236, 238, 239, 240, 242, 243, 244, 245, 248, 249, 251, 254, 256, 270, 272, 283, 285, 288, 289, 290, 291, 293, 298, 299], "excluded_lines": []}}}, "app/api/v1/admin_topic.py": {"executed_lines": [1, 4, 6, 8, 9, 10, 11, 12, 14, 17, 18, 26, 29, 34, 35, 41, 48, 51, 52, 58, 66, 67, 74, 90, 91, 97], "summary": {"covered_lines": 25, "num_statements": 37, "percent_covered": 67.56756756756756, "percent_covered_display": "68", "missing_lines": 12, "excluded_lines": 0}, "missing_lines": [59, 60, 62, 63, 83, 84, 86, 87, 98, 99, 101, 102], "excluded_lines": [], "functions": {"list_topics": {"executed_lines": [26, 29], "summary": {"covered_lines": 2, "num_statements": 2, "percent_covered": 100.0, "percent_covered_display": "100", "missing_lines": 0, "excluded_lines": 0}, "missing_lines": [], "excluded_lines": []}, "create_topic": {"executed_lines": [41, 48], "summary": {"covered_lines": 2, "num_statements": 2, "percent_covered": 100.0, "percent_covered_display": "100", "missing_lines": 0, "excluded_lines": 0}, "missing_lines": [], "excluded_lines": []}, "get_topic": {"executed_lines": [58], "summary": {"covered_lines": 1, "num_statements": 5, "percent_covered": 20.0, "percent_covered_display": "20", "missing_lines": 4, "excluded_lines": 0}, "missing_lines": [59, 60, 62, 63], "excluded_lines": []}, "update_topic": {"executed_lines": [74], "summary": {"covered_lines": 1, "num_statements": 5, "percent_covered": 20.0, "percent_covered_display": "20", "missing_lines": 4, "excluded_lines": 0}, "missing_lines": [83, 84, 86, 87], "excluded_lines": []}, "delete_topic": {"executed_lines": [97], "summary": {"covered_lines": 1, "num_statements": 5, "percent_covered": 20.0, "percent_covered_display": "20", "missing_lines": 4, "excluded_lines": 0}, "missing_lines": [98, 99, 101, 102], "excluded_lines": []}, "": {"executed_lines": [1, 4, 6, 8, 9, 10, 11, 12, 14, 17, 18, 34, 35, 51, 52, 66, 67, 90, 91], "summary": {"covered_lines": 18, "num_statements": 18, "percent_covered": 100.0, "percent_covered_display": "100", "missing_lines": 0, "excluded_lines": 0}, "missing_lines": [], "excluded_lines": []}}, "classes": {"": {"executed_lines": [1, 4, 6, 8, 9, 10, 11, 12, 14, 17, 18, 26, 29, 34, 35, 41, 48, 51, 52, 58, 66, 67, 74, 90, 91, 97], "summary": {"covered_lines": 25, "num_statements": 37, "percent_covered": 67.56756756756756, "percent_covered_display": "68", "missing_lines": 12, "excluded_lines": 0}, "missing_lines": [59, 60, 62, 63, 83, 84, 86, 87, 98, 99, 101, 102], "excluded_lines": []}}}, "app/api/v1/auth.py": {"executed_lines": [1, 5, 6, 8, 9, 10, 11, 12, 13, 15, 18, 19, 23, 24, 25, 39, 40, 48, 49, 50, 52, 53, 59, 60, 66, 67], "summary": {"covered_lines": 25, "num_statements": 28, "percent_covered": 89.28571428571429, "percent_covered_display": "89", "missing_lines": 3, "excluded_lines": 0}, "missing_lines": [26, 27, 32], "excluded_lines": [], "functions": {"login": {"executed_lines": [23, 24, 25], "summary": {"covered_lines": 3, "num_statements": 6, "percent_covered": 50.0, "percent_covered_display": "50", "missing_lines": 3, "excluded_lines": 0}, "missing_lines": [26, 27, 32], "excluded_lines": []}, "refresh": {"executed_lines": [48, 49, 50, 52, 53], "summary": {"covered_lines": 5, "num_statements": 5, "percent_covered": 100.0, "percent_covered_display": "100", "missing_lines": 0, "excluded_lines": 0}, "missing_lines": [], "excluded_lines": []}, "logout": {"executed_lines": [66, 67], "summary": {"covered_lines": 2, "num_statements": 2, "percent_covered": 100.0, "percent_covered_display": "100", "missing_lines": 0, "excluded_lines": 0}, "missing_lines": [], "excluded_lines": []}, "": {"executed_lines": [1, 5, 6, 8, 9, 10, 11, 12, 13, 15, 18, 19, 39, 40, 59, 60], "summary": {"covered_lines": 15, "num_statements": 15, "percent_covered": 100.0, "percent_covered_display": "100", "missing_lines": 0, "excluded_lines": 0}, "missing_lines": [], "excluded_lines": []}}, "classes": {"": {"executed_lines": [1, 5, 6, 8, 9, 10, 11, 12, 13, 15, 18, 19, 23, 24, 25, 39, 40, 48, 49, 50, 52, 53, 59, 60, 66, 67], "summary": {"covered_lines": 25, "num_statements": 28, "percent_covered": 89.28571428571429, "percent_covered_display": "89", "missing_lines": 3, "excluded_lines": 0}, "missing_lines": [26, 27, 32], "excluded_lines": []}}}, "app/api/v1/cache.py": {"executed_lines": [1, 4, 6, 8, 9, 10, 11, 13, 15, 18, 19, 35, 36, 37, 42, 43, 44, 51, 52, 58, 59, 61, 62, 64, 65, 66, 73], "summary": {"covered_lines": 26, "num_statements": 26, "percent_covered": 100.0, "percent_covered_display": "100", "missing_lines": 0, "excluded_lines": 0}, "missing_lines": [], "excluded_lines": [], "functions": {"trigger_cache_preheat": {"executed_lines": [35, 36, 37, 42, 43, 44], "summary": {"covered_lines": 6, "num_statements": 6, "percent_covered": 100.0, "percent_covered_display": "100", "missing_lines": 0, "excluded_lines": 0}, "missing_lines": [], "excluded_lines": []}, "get_cache_stats": {"executed_lines": [58, 59, 61, 62, 64, 65, 66, 73], "summary": {"covered_lines": 8, "num_statements": 8, "percent_covered": 100.0, "percent_covered_display": "100", "missing_lines": 0, "excluded_lines": 0}, "missing_lines": [], "excluded_lines": []}, "": {"executed_lines": [1, 4, 6, 8, 9, 10, 11, 13, 15, 18, 19, 51, 52], "summary": {"covered_lines": 12, "num_statements": 12, "percent_covered": 100.0, "percent_covered_display": "100", "missing_lines": 0, "excluded_lines": 0}, "missing_lines": [], "excluded_lines": []}}, "classes": {"": {"executed_lines": [1, 4, 6, 8, 9, 10, 11, 13, 15, 18, 19, 35, 36, 37, 42, 43, 44, 51, 52, 58, 59, 61, 62, 64, 65, 66, 73], "summary": {"covered_lines": 26, "num_statements": 26, "percent_covered": 100.0, "percent_covered_display": "100", "missing_lines": 0, "excluded_lines": 0}, "missing_lines": [], "excluded_lines": []}}}, "app/api/v1/checkin.py": {"executed_lines": [1, 4, 5, 7, 8, 9, 10, 11, 16, 18, 21, 22, 28, 36, 37, 44, 48, 49, 54], "summary": {"covered_lines": 18, "num_statements": 21, "percent_covered": 85.71428571428571, "percent_covered_display": "86", "missing_lines": 3, "excluded_lines": 0}, "missing_lines": [29, 45, 55], "excluded_lines": [], "functions": {"create_checkin": {"executed_lines": [28], "summary": {"covered_lines": 1, "num_statements": 2, "percent_covered": 50.0, "percent_covered_display": "50", "missing_lines": 1, "excluded_lines": 0}, "missing_lines": [29], "excluded_lines": []}, "checkin_calendar": {"executed_lines": [44], "summary": {"covered_lines": 1, "num_statements": 2, "percent_covered": 50.0, "percent_covered_display": "50", "missing_lines": 1, "excluded_lines": 0}, "missing_lines": [45], "excluded_lines": []}, "checkin_stats": {"executed_lines": [54], "summary": {"covered_lines": 1, "num_statements": 2, "percent_covered": 50.0, "percent_covered_display": "50", "missing_lines": 1, "excluded_lines": 0}, "missing_lines": [55], "excluded_lines": []}, "": {"executed_lines": [1, 4, 5, 7, 8, 9, 10, 11, 16, 18, 21, 22, 36, 37, 48, 49], "summary": {"covered_lines": 15, "num_statements": 15, "percent_covered": 100.0, "percent_covered_display": "100", "missing_lines": 0, "excluded_lines": 0}, "missing_lines": [], "excluded_lines": []}}, "classes": {"": {"executed_lines": [1, 4, 5, 7, 8, 9, 10, 11, 16, 18, 21, 22, 28, 36, 37, 44, 48, 49, 54], "summary": {"covered_lines": 18, "num_statements": 21, "percent_covered": 85.71428571428571, "percent_covered_display": "86", "missing_lines": 3, "excluded_lines": 0}, "missing_lines": [29, 45, 55], "excluded_lines": []}}}, "app/api/v1/comment.py": {"executed_lines": [1, 4, 5, 6, 8, 9, 10, 11, 12, 13, 19, 21, 24, 25, 32, 33, 36, 37, 45, 79, 80, 86], "summary": {"covered_lines": 21, "num_statements": 37, "percent_covered": 56.75675675675676, "percent_covered_display": "57", "missing_lines": 16, "excluded_lines": 0}, "missing_lines": [46, 47, 48, 62, 63, 64, 65, 66, 75, 76, 87, 88, 89, 90, 91, 92], "excluded_lines": [], "functions": {"comment_list": {"executed_lines": [32, 33], "summary": {"covered_lines": 2, "num_statements": 2, "percent_covered": 100.0, "percent_covered_display": "100", "missing_lines": 0, "excluded_lines": 0}, "missing_lines": [], "excluded_lines": []}, "comment_create": {"executed_lines": [45], "summary": {"covered_lines": 1, "num_statements": 11, "percent_covered": 9.090909090909092, "percent_covered_display": "9", "missing_lines": 10, "excluded_lines": 0}, "missing_lines": [46, 47, 48, 62, 63, 64, 65, 66, 75, 76], "excluded_lines": []}, "comment_delete": {"executed_lines": [86], "summary": {"covered_lines": 1, "num_statements": 7, "percent_covered": 14.285714285714286, "percent_covered_display": "14", "missing_lines": 6, "excluded_lines": 0}, "missing_lines": [87, 88, 89, 90, 91, 92], "excluded_lines": []}, "": {"executed_lines": [1, 4, 5, 6, 8, 9, 10, 11, 12, 13, 19, 21, 24, 25, 36, 37, 79, 80], "summary": {"covered_lines": 17, "num_statements": 17, "percent_covered": 100.0, "percent_covered_display": "100", "missing_lines": 0, "excluded_lines": 0}, "missing_lines": [], "excluded_lines": []}}, "classes": {"": {"executed_lines": [1, 4, 5, 6, 8, 9, 10, 11, 12, 13, 19, 21, 24, 25, 32, 33, 36, 37, 45, 79, 80, 86], "summary": {"covered_lines": 21, "num_statements": 37, "percent_covered": 56.75675675675676, "percent_covered_display": "57", "missing_lines": 16, "excluded_lines": 0}, "missing_lines": [46, 47, 48, 62, 63, 64, 65, 66, 75, 76, 87, 88, 89, 90, 91, 92], "excluded_lines": []}}}, "app/api/v1/follow.py": {"executed_lines": [1, 4, 5, 7, 8, 9, 10, 11, 12, 13, 22, 24, 27, 28, 44, 45, 50, 59, 60, 65, 69, 70, 76, 77, 83, 84, 91, 93, 99, 100, 106, 107, 113, 114, 120, 123, 129, 130, 136, 139], "summary": {"covered_lines": 39, "num_statements": 51, "percent_covered": 76.47058823529412, "percent_covered_display": "76", "missing_lines": 12, "excluded_lines": 0}, "missing_lines": [51, 52, 53, 54, 55, 56, 66, 92, 121, 122, 137, 138], "excluded_lines": [], "functions": {"_user_to_response": {"executed_lines": [28], "summary": {"covered_lines": 1, "num_statements": 1, "percent_covered": 100.0, "percent_covered_display": "100", "missing_lines": 0, "excluded_lines": 0}, "missing_lines": [], "excluded_lines": []}, "follow": {"executed_lines": [50], "summary": {"covered_lines": 1, "num_statements": 7, "percent_covered": 14.285714285714286, "percent_covered_display": "14", "missing_lines": 6, "excluded_lines": 0}, "missing_lines": [51, 52, 53, 54, 55, 56], "excluded_lines": []}, "unfollow": {"executed_lines": [65], "summary": {"covered_lines": 1, "num_statements": 2, "percent_covered": 50.0, "percent_covered_display": "50", "missing_lines": 1, "excluded_lines": 0}, "missing_lines": [66], "excluded_lines": []}, "my_followers": {"executed_lines": [76, 77], "summary": {"covered_lines": 2, "num_statements": 2, "percent_covered": 100.0, "percent_covered_display": "100", "missing_lines": 0, "excluded_lines": 0}, "missing_lines": [], "excluded_lines": []}, "my_feed": {"executed_lines": [91, 93], "summary": {"covered_lines": 2, "num_statements": 3, "percent_covered": 66.66666666666667, "percent_covered_display": "67", "missing_lines": 1, "excluded_lines": 0}, "missing_lines": [92], "excluded_lines": []}, "my_following": {"executed_lines": [106, 107], "summary": {"covered_lines": 2, "num_statements": 2, "percent_covered": 100.0, "percent_covered_display": "100", "missing_lines": 0, "excluded_lines": 0}, "missing_lines": [], "excluded_lines": []}, "user_followers": {"executed_lines": [120, 123], "summary": {"covered_lines": 2, "num_statements": 4, "percent_covered": 50.0, "percent_covered_display": "50", "missing_lines": 2, "excluded_lines": 0}, "missing_lines": [121, 122], "excluded_lines": []}, "user_following": {"executed_lines": [136, 139], "summary": {"covered_lines": 2, "num_statements": 4, "percent_covered": 50.0, "percent_covered_display": "50", "missing_lines": 2, "excluded_lines": 0}, "missing_lines": [137, 138], "excluded_lines": []}, "": {"executed_lines": [1, 4, 5, 7, 8, 9, 10, 11, 12, 13, 22, 24, 27, 44, 45, 59, 60, 69, 70, 83, 84, 99, 100, 113, 114, 129, 130], "summary": {"covered_lines": 26, "num_statements": 26, "percent_covered": 100.0, "percent_covered_display": "100", "missing_lines": 0, "excluded_lines": 0}, "missing_lines": [], "excluded_lines": []}}, "classes": {"": {"executed_lines": [1, 4, 5, 7, 8, 9, 10, 11, 12, 13, 22, 24, 27, 28, 44, 45, 50, 59, 60, 65, 69, 70, 76, 77, 83, 84, 91, 93, 99, 100, 106, 107, 113, 114, 120, 123, 129, 130, 136, 139], "summary": {"covered_lines": 39, "num_statements": 51, "percent_covered": 76.47058823529412, "percent_covered_display": "76", "missing_lines": 12, "excluded_lines": 0}, "missing_lines": [51, 52, 53, 54, 55, 56, 66, 92, 121, 122, 137, 138], "excluded_lines": []}}}, "app/api/v1/like.py": {"executed_lines": [1, 4, 5, 6, 8, 9, 10, 11, 12, 13, 14, 16, 19, 20, 27, 35, 36, 42, 48, 49, 56, 64, 65, 71], "summary": {"covered_lines": 23, "num_statements": 39, "percent_covered": 58.97435897435897, "percent_covered_display": "59", "missing_lines": 16, "excluded_lines": 0}, "missing_lines": [28, 29, 30, 31, 32, 43, 44, 45, 57, 58, 59, 60, 61, 72, 73, 74], "excluded_lines": [], "functions": {"like_post": {"executed_lines": [27], "summary": {"covered_lines": 1, "num_statements": 6, "percent_covered": 16.666666666666668, "percent_covered_display": "17", "missing_lines": 5, "excluded_lines": 0}, "missing_lines": [28, 29, 30, 31, 32], "excluded_lines": []}, "unlike_post": {"executed_lines": [42], "summary": {"covered_lines": 1, "num_statements": 4, "percent_covered": 25.0, "percent_covered_display": "25", "missing_lines": 3, "excluded_lines": 0}, "missing_lines": [43, 44, 45], "excluded_lines": []}, "like_comment": {"executed_lines": [56], "summary": {"covered_lines": 1, "num_statements": 6, "percent_covered": 16.666666666666668, "percent_covered_display": "17", "missing_lines": 5, "excluded_lines": 0}, "missing_lines": [57, 58, 59, 60, 61], "excluded_lines": []}, "unlike_comment": {"executed_lines": [71], "summary": {"covered_lines": 1, "num_statements": 4, "percent_covered": 25.0, "percent_covered_display": "25", "missing_lines": 3, "excluded_lines": 0}, "missing_lines": [72, 73, 74], "excluded_lines": []}, "": {"executed_lines": [1, 4, 5, 6, 8, 9, 10, 11, 12, 13, 14, 16, 19, 20, 35, 36, 48, 49, 64, 65], "summary": {"covered_lines": 19, "num_statements": 19, "percent_covered": 100.0, "percent_covered_display": "100", "missing_lines": 0, "excluded_lines": 0}, "missing_lines": [], "excluded_lines": []}}, "classes": {"": {"executed_lines": [1, 4, 5, 6, 8, 9, 10, 11, 12, 13, 14, 16, 19, 20, 27, 35, 36, 42, 48, 49, 56, 64, 65, 71], "summary": {"covered_lines": 23, "num_statements": 39, "percent_covered": 58.97435897435897, "percent_covered_display": "59", "missing_lines": 16, "excluded_lines": 0}, "missing_lines": [28, 29, 30, 31, 32, 43, 44, 45, 57, 58, 59, 60, 61, 72, 73, 74], "excluded_lines": []}}}, "app/api/v1/membership.py": {"executed_lines": [1, 4, 6, 8, 9, 10, 11, 12, 13, 21, 23, 26, 27, 32, 46, 47, 53, 64, 65, 70, 74, 75, 80, 84, 85, 91, 92], "summary": {"covered_lines": 26, "num_statements": 37, "percent_covered": 70.27027027027027, "percent_covered_display": "70", "missing_lines": 11, "excluded_lines": 0}, "missing_lines": [33, 34, 35, 43, 61, 71, 81, 93, 94, 95, 96], "excluded_lines": [], "functions": {"list_memberships_endpoint": {"executed_lines": [32], "summary": {"covered_lines": 1, "num_statements": 5, "percent_covered": 20.0, "percent_covered_display": "20", "missing_lines": 4, "excluded_lines": 0}, "missing_lines": [33, 34, 35, 43], "excluded_lines": []}, "create_order_endpoint": {"executed_lines": [53], "summary": {"covered_lines": 1, "num_statements": 2, "percent_covered": 50.0, "percent_covered_display": "50", "missing_lines": 1, "excluded_lines": 0}, "missing_lines": [61], "excluded_lines": []}, "list_my_orders": {"executed_lines": [70], "summary": {"covered_lines": 1, "num_statements": 2, "percent_covered": 50.0, "percent_covered_display": "50", "missing_lines": 1, "excluded_lines": 0}, "missing_lines": [71], "excluded_lines": []}, "get_active_membership_endpoint": {"executed_lines": [80], "summary": {"covered_lines": 1, "num_statements": 2, "percent_covered": 50.0, "percent_covered_display": "50", "missing_lines": 1, "excluded_lines": 0}, "missing_lines": [81], "excluded_lines": []}, "cancel_order_endpoint": {"executed_lines": [91, 92], "summary": {"covered_lines": 2, "num_statements": 6, "percent_covered": 33.333333333333336, "percent_covered_display": "33", "missing_lines": 4, "excluded_lines": 0}, "missing_lines": [93, 94, 95, 96], "excluded_lines": []}, "": {"executed_lines": [1, 4, 6, 8, 9, 10, 11, 12, 13, 21, 23, 26, 27, 46, 47, 64, 65, 74, 75, 84, 85], "summary": {"covered_lines": 20, "num_statements": 20, "percent_covered": 100.0, "percent_covered_display": "100", "missing_lines": 0, "excluded_lines": 0}, "missing_lines": [], "excluded_lines": []}}, "classes": {"": {"executed_lines": [1, 4, 6, 8, 9, 10, 11, 12, 13, 21, 23, 26, 27, 32, 46, 47, 53, 64, 65, 70, 74, 75, 80, 84, 85, 91, 92], "summary": {"covered_lines": 26, "num_statements": 37, "percent_covered": 70.27027027027027, "percent_covered_display": "70", "missing_lines": 11, "excluded_lines": 0}, "missing_lines": [33, 34, 35, 43, 61, 71, 81, 93, 94, 95, 96], "excluded_lines": []}}}, "app/api/v1/notification.py": {"executed_lines": [1, 4, 5, 7, 9, 10, 11, 12, 17, 19, 22, 23, 32, 36, 43, 44, 49, 53, 54, 60, 61, 62, 63, 67, 69, 72, 73, 79, 88, 89, 96, 97, 98, 100, 103], "summary": {"covered_lines": 34, "num_statements": 39, "percent_covered": 87.17948717948718, "percent_covered_display": "87", "missing_lines": 5, "excluded_lines": 0}, "missing_lines": [35, 50, 82, 83, 85], "excluded_lines": [], "functions": {"list_notifications": {"executed_lines": [32, 36], "summary": {"covered_lines": 2, "num_statements": 3, "percent_covered": 66.66666666666667, "percent_covered_display": "67", "missing_lines": 1, "excluded_lines": 0}, "missing_lines": [35], "excluded_lines": []}, "get_unread_count": {"executed_lines": [49], "summary": {"covered_lines": 1, "num_statements": 2, "percent_covered": 50.0, "percent_covered_display": "50", "missing_lines": 1, "excluded_lines": 0}, "missing_lines": [50], "excluded_lines": []}, "mark_read": {"executed_lines": [60, 61, 62, 63, 67, 69], "summary": {"covered_lines": 6, "num_statements": 6, "percent_covered": 100.0, "percent_covered_display": "100", "missing_lines": 0, "excluded_lines": 0}, "missing_lines": [], "excluded_lines": []}, "mark_one_read": {"executed_lines": [79], "summary": {"covered_lines": 1, "num_statements": 4, "percent_covered": 25.0, "percent_covered_display": "25", "missing_lines": 3, "excluded_lines": 0}, "missing_lines": [82, 83, 85], "excluded_lines": []}, "delete_notifications": {"executed_lines": [96, 97, 98, 100, 103], "summary": {"covered_lines": 5, "num_statements": 5, "percent_covered": 100.0, "percent_covered_display": "100", "missing_lines": 0, "excluded_lines": 0}, "missing_lines": [], "excluded_lines": []}, "": {"executed_lines": [1, 4, 5, 7, 9, 10, 11, 12, 17, 19, 22, 23, 43, 44, 53, 54, 72, 73, 88, 89], "summary": {"covered_lines": 19, "num_statements": 19, "percent_covered": 100.0, "percent_covered_display": "100", "missing_lines": 0, "excluded_lines": 0}, "missing_lines": [], "excluded_lines": []}}, "classes": {"": {"executed_lines": [1, 4, 5, 7, 9, 10, 11, 12, 17, 19, 22, 23, 32, 36, 43, 44, 49, 53, 54, 60, 61, 62, 63, 67, 69, 72, 73, 79, 88, 89, 96, 97, 98, 100, 103], "summary": {"covered_lines": 34, "num_statements": 39, "percent_covered": 87.17948717948718, "percent_covered_display": "87", "missing_lines": 5, "excluded_lines": 0}, "missing_lines": [35, 50, 82, 83, 85], "excluded_lines": []}}}, "app/api/v1/payday.py": {"executed_lines": [1, 4, 6, 7, 8, 9, 10, 17, 19, 22, 23, 27, 28, 31, 32, 37, 41, 42, 47, 53, 54, 60, 66, 67, 72], "summary": {"covered_lines": 24, "num_statements": 33, "percent_covered": 72.72727272727273, "percent_covered_display": "73", "missing_lines": 9, "excluded_lines": 0}, "missing_lines": [38, 48, 49, 50, 61, 62, 63, 73, 74], "excluded_lines": [], "functions": {"payday_list": {"executed_lines": [27, 28], "summary": {"covered_lines": 2, "num_statements": 2, "percent_covered": 100.0, "percent_covered_display": "100", "missing_lines": 0, "excluded_lines": 0}, "missing_lines": [], "excluded_lines": []}, "payday_create": {"executed_lines": [37], "summary": {"covered_lines": 1, "num_statements": 2, "percent_covered": 50.0, "percent_covered_display": "50", "missing_lines": 1, "excluded_lines": 0}, "missing_lines": [38], "excluded_lines": []}, "payday_get": {"executed_lines": [47], "summary": {"covered_lines": 1, "num_statements": 4, "percent_covered": 25.0, "percent_covered_display": "25", "missing_lines": 3, "excluded_lines": 0}, "missing_lines": [48, 49, 50], "excluded_lines": []}, "payday_update": {"executed_lines": [60], "summary": {"covered_lines": 1, "num_statements": 4, "percent_covered": 25.0, "percent_covered_display": "25", "missing_lines": 3, "excluded_lines": 0}, "missing_lines": [61, 62, 63], "excluded_lines": []}, "payday_delete": {"executed_lines": [72], "summary": {"covered_lines": 1, "num_statements": 3, "percent_covered": 33.333333333333336, "percent_covered_display": "33", "missing_lines": 2, "excluded_lines": 0}, "missing_lines": [73, 74], "excluded_lines": []}, "": {"executed_lines": [1, 4, 6, 7, 8, 9, 10, 17, 19, 22, 23, 31, 32, 41, 42, 53, 54, 66, 67], "summary": {"covered_lines": 18, "num_statements": 18, "percent_covered": 100.0, "percent_covered_display": "100", "missing_lines": 0, "excluded_lines": 0}, "missing_lines": [], "excluded_lines": []}}, "classes": {"": {"executed_lines": [1, 4, 6, 7, 8, 9, 10, 17, 19, 22, 23, 27, 28, 31, 32, 37, 41, 42, 47, 53, 54, 60, 66, 67, 72], "summary": {"covered_lines": 24, "num_statements": 33, "percent_covered": 72.72727272727273, "percent_covered_display": "73", "missing_lines": 9, "excluded_lines": 0}, "missing_lines": [38, 48, 49, 50, 61, 62, 63, 73, 74], "excluded_lines": []}}}, "app/api/v1/payment.py": {"executed_lines": [1, 4, 5, 7, 12, 13, 14, 15, 20, 22, 25, 36, 38, 48, 49, 50, 52, 54, 55, 59, 60, 67, 68, 76, 79, 80, 99, 100, 107, 109, 110, 140, 141, 157, 158, 159, 162, 191, 192, 207, 208, 210, 213, 215, 217, 220, 230, 231], "summary": {"covered_lines": 47, "num_statements": 78, "percent_covered": 60.256410256410255, "percent_covered_display": "60", "missing_lines": 31, "excluded_lines": 0}, "missing_lines": [40, 41, 43, 44, 45, 53, 61, 62, 63, 69, 71, 72, 73, 101, 117, 123, 125, 129, 132, 133, 134, 165, 167, 168, 171, 172, 173, 176, 225, 226, 228], "excluded_lines": [], "functions": {"_get_client_ip": {"executed_lines": [36, 38, 48, 49, 50, 52, 54, 55, 59, 60, 67, 68, 76], "summary": {"covered_lines": 13, "num_statements": 21, "percent_covered": 61.904761904761905, "percent_covered_display": "62", "missing_lines": 8, "excluded_lines": 0}, "missing_lines": [53, 61, 62, 63, 69, 71, 72, 73], "excluded_lines": []}, "_get_client_ip.is_valid_public_ip": {"executed_lines": [], "summary": {"covered_lines": 0, "num_statements": 5, "percent_covered": 0.0, "percent_covered_display": "0", "missing_lines": 5, "excluded_lines": 0}, "missing_lines": [40, 41, 43, 44, 45], "excluded_lines": []}, "create_payment": {"executed_lines": [99, 100, 107, 109, 110], "summary": {"covered_lines": 5, "num_statements": 13, "percent_covered": 38.46153846153846, "percent_covered_display": "38", "missing_lines": 8, "excluded_lines": 0}, "missing_lines": [101, 117, 123, 125, 129, 132, 133, 134], "excluded_lines": []}, "get_order_status": {"executed_lines": [157, 158, 159, 162], "summary": {"covered_lines": 4, "num_statements": 11, "percent_covered": 36.36363636363637, "percent_covered_display": "36", "missing_lines": 7, "excluded_lines": 0}, "missing_lines": [165, 167, 168, 171, 172, 173, 176], "excluded_lines": []}, "wechat_payment_notify": {"executed_lines": [207, 208, 210, 213, 215, 217, 220, 230, 231], "summary": {"covered_lines": 9, "num_statements": 12, "percent_covered": 75.0, "percent_covered_display": "75", "missing_lines": 3, "excluded_lines": 0}, "missing_lines": [225, 226, 228], "excluded_lines": []}, "": {"executed_lines": [1, 4, 5, 7, 12, 13, 14, 15, 20, 22, 25, 79, 80, 140, 141, 191, 192], "summary": {"covered_lines": 16, "num_statements": 16, "percent_covered": 100.0, "percent_covered_display": "100", "missing_lines": 0, "excluded_lines": 0}, "missing_lines": [], "excluded_lines": []}}, "classes": {"": {"executed_lines": [1, 4, 5, 7, 12, 13, 14, 15, 20, 22, 25, 36, 38, 48, 49, 50, 52, 54, 55, 59, 60, 67, 68, 76, 79, 80, 99, 100, 107, 109, 110, 140, 141, 157, 158, 159, 162, 191, 192, 207, 208, 210, 213, 215, 217, 220, 230, 231], "summary": {"covered_lines": 47, "num_statements": 78, "percent_covered": 60.256410256410255, "percent_covered_display": "60", "missing_lines": 31, "excluded_lines": 0}, "missing_lines": [40, 41, 43, 44, 45, 53, 61, 62, 63, 69, 71, 72, 73, 101, 117, 123, 125, 129, 132, 133, 134, 165, 167, 168, 171, 172, 173, 176, 225, 226, 228], "excluded_lines": []}}}, "app/api/v1/post.py": {"executed_lines": [1, 4, 6, 7, 9, 10, 11, 12, 13, 14, 16, 19, 20, 33, 45, 48, 49, 58, 63, 64, 70, 71, 74, 75, 80], "summary": {"covered_lines": 24, "num_statements": 29, "percent_covered": 82.75862068965517, "percent_covered_display": "83", "missing_lines": 5, "excluded_lines": 0}, "missing_lines": [59, 60, 81, 82, 83], "excluded_lines": [], "functions": {"post_search": {"executed_lines": [33, 45], "summary": {"covered_lines": 2, "num_statements": 2, "percent_covered": 100.0, "percent_covered_display": "100", "missing_lines": 0, "excluded_lines": 0}, "missing_lines": [], "excluded_lines": []}, "post_create": {"executed_lines": [58], "summary": {"covered_lines": 1, "num_statements": 3, "percent_covered": 33.333333333333336, "percent_covered_display": "33", "missing_lines": 2, "excluded_lines": 0}, "missing_lines": [59, 60], "excluded_lines": []}, "post_list": {"executed_lines": [70, 71], "summary": {"covered_lines": 2, "num_statements": 2, "percent_covered": 100.0, "percent_covered_display": "100", "missing_lines": 0, "excluded_lines": 0}, "missing_lines": [], "excluded_lines": []}, "post_get": {"executed_lines": [80], "summary": {"covered_lines": 1, "num_statements": 4, "percent_covered": 25.0, "percent_covered_display": "25", "missing_lines": 3, "excluded_lines": 0}, "missing_lines": [81, 82, 83], "excluded_lines": []}, "": {"executed_lines": [1, 4, 6, 7, 9, 10, 11, 12, 13, 14, 16, 19, 20, 48, 49, 63, 64, 74, 75], "summary": {"covered_lines": 18, "num_statements": 18, "percent_covered": 100.0, "percent_covered_display": "100", "missing_lines": 0, "excluded_lines": 0}, "missing_lines": [], "excluded_lines": []}}, "classes": {"": {"executed_lines": [1, 4, 6, 7, 9, 10, 11, 12, 13, 14, 16, 19, 20, 33, 45, 48, 49, 58, 63, 64, 70, 71, 74, 75, 80], "summary": {"covered_lines": 24, "num_statements": 29, "percent_covered": 82.75862068965517, "percent_covered_display": "83", "missing_lines": 5, "excluded_lines": 0}, "missing_lines": [59, 60, 81, 82, 83], "excluded_lines": []}}}, "app/api/v1/recommendation.py": {"executed_lines": [1, 4, 6, 8, 9, 10, 11, 12, 14, 17, 18, 23, 24, 27, 28, 34, 37, 40, 41, 46], "summary": {"covered_lines": 19, "num_statements": 20, "percent_covered": 95.0, "percent_covered_display": "95", "missing_lines": 1, "excluded_lines": 0}, "missing_lines": [47], "excluded_lines": [], "functions": {"get_hot_posts": {"executed_lines": [23, 24], "summary": {"covered_lines": 2, "num_statements": 2, "percent_covered": 100.0, "percent_covered_display": "100", "missing_lines": 0, "excluded_lines": 0}, "missing_lines": [], "excluded_lines": []}, "get_personalized_feed": {"executed_lines": [34, 37], "summary": {"covered_lines": 2, "num_statements": 2, "percent_covered": 100.0, "percent_covered_display": "100", "missing_lines": 0, "excluded_lines": 0}, "missing_lines": [], "excluded_lines": []}, "get_recommended_topics": {"executed_lines": [46], "summary": {"covered_lines": 1, "num_statements": 2, "percent_covered": 50.0, "percent_covered_display": "50", "missing_lines": 1, "excluded_lines": 0}, "missing_lines": [47], "excluded_lines": []}, "": {"executed_lines": [1, 4, 6, 8, 9, 10, 11, 12, 14, 17, 18, 27, 28, 40, 41], "summary": {"covered_lines": 14, "num_statements": 14, "percent_covered": 100.0, "percent_covered_display": "100", "missing_lines": 0, "excluded_lines": 0}, "missing_lines": [], "excluded_lines": []}}, "classes": {"": {"executed_lines": [1, 4, 6, 8, 9, 10, 11, 12, 14, 17, 18, 23, 24, 27, 28, 34, 37, 40, 41, 46], "summary": {"covered_lines": 19, "num_statements": 20, "percent_covered": 95.0, "percent_covered_display": "95", "missing_lines": 1, "excluded_lines": 0}, "missing_lines": [47], "excluded_lines": []}}}, "app/api/v1/salary.py": {"executed_lines": [1, 4, 5, 7, 9, 10, 11, 12, 13, 21, 22, 24, 27, 28, 37, 38, 41, 42, 52, 53, 58, 64, 65, 78, 79], "summary": {"covered_lines": 24, "num_statements": 36, "percent_covered": 66.66666666666667, "percent_covered_display": "67", "missing_lines": 12, "excluded_lines": 0}, "missing_lines": [48, 49, 59, 60, 61, 72, 73, 74, 75, 85, 86, 87], "excluded_lines": [], "functions": {"salary_list": {"executed_lines": [37, 38], "summary": {"covered_lines": 2, "num_statements": 2, "percent_covered": 100.0, "percent_covered_display": "100", "missing_lines": 0, "excluded_lines": 0}, "missing_lines": [], "excluded_lines": []}, "salary_create": {"executed_lines": [], "summary": {"covered_lines": 0, "num_statements": 2, "percent_covered": 0.0, "percent_covered_display": "0", "missing_lines": 2, "excluded_lines": 0}, "missing_lines": [48, 49], "excluded_lines": []}, "salary_get": {"executed_lines": [58], "summary": {"covered_lines": 1, "num_statements": 4, "percent_covered": 25.0, "percent_covered_display": "25", "missing_lines": 3, "excluded_lines": 0}, "missing_lines": [59, 60, 61], "excluded_lines": []}, "salary_update": {"executed_lines": [], "summary": {"covered_lines": 0, "num_statements": 4, "percent_covered": 0.0, "percent_covered_display": "0", "missing_lines": 4, "excluded_lines": 0}, "missing_lines": [72, 73, 74, 75], "excluded_lines": []}, "salary_delete": {"executed_lines": [], "summary": {"covered_lines": 0, "num_statements": 3, "percent_covered": 0.0, "percent_covered_display": "0", "missing_lines": 3, "excluded_lines": 0}, "missing_lines": [85, 86, 87], "excluded_lines": []}, "": {"executed_lines": [1, 4, 5, 7, 9, 10, 11, 12, 13, 21, 22, 24, 27, 28, 41, 42, 52, 53, 64, 65, 78, 79], "summary": {"covered_lines": 21, "num_statements": 21, "percent_covered": 100.0, "percent_covered_display": "100", "missing_lines": 0, "excluded_lines": 0}, "missing_lines": [], "excluded_lines": []}}, "classes": {"": {"executed_lines": [1, 4, 5, 7, 9, 10, 11, 12, 13, 21, 22, 24, 27, 28, 37, 38, 41, 42, 52, 53, 58, 64, 65, 78, 79], "summary": {"covered_lines": 24, "num_statements": 36, "percent_covered": 66.66666666666667, "percent_covered_display": "67", "missing_lines": 12, "excluded_lines": 0}, "missing_lines": [48, 49, 59, 60, 61, 72, 73, 74, 75, 85, 86, 87], "excluded_lines": []}}}, "app/api/v1/schemas/cache.py": {"executed_lines": [1, 4, 7, 8, 10, 11, 12], "summary": {"covered_lines": 5, "num_statements": 5, "percent_covered": 100.0, "percent_covered_display": "100", "missing_lines": 0, "excluded_lines": 0}, "missing_lines": [], "excluded_lines": [], "functions": {"": {"executed_lines": [1, 4, 7, 8, 10, 11, 12], "summary": {"covered_lines": 5, "num_statements": 5, "percent_covered": 100.0, "percent_covered_display": "100", "missing_lines": 0, "excluded_lines": 0}, "missing_lines": [], "excluded_lines": []}}, "classes": {"PreheatResponse": {"executed_lines": [], "summary": {"covered_lines": 0, "num_statements": 0, "percent_covered": 100.0, "percent_covered_display": "100", "missing_lines": 0, "excluded_lines": 0}, "missing_lines": [], "excluded_lines": []}, "": {"executed_lines": [1, 4, 7, 8, 10, 11, 12], "summary": {"covered_lines": 5, "num_statements": 5, "percent_covered": 100.0, "percent_covered_display": "100", "missing_lines": 0, "excluded_lines": 0}, "missing_lines": [], "excluded_lines": []}}}, "app/api/v1/schemas/payment.py": {"executed_lines": [1, 4, 5, 8, 9, 11, 14, 15, 17, 18, 19, 20, 21, 22, 25, 26, 28, 29, 30, 33, 34, 36, 37], "summary": {"covered_lines": 18, "num_statements": 18, "percent_covered": 100.0, "percent_covered_display": "100", "missing_lines": 0, "excluded_lines": 0}, "missing_lines": [], "excluded_lines": [], "functions": {"": {"executed_lines": [1, 4, 5, 8, 9, 11, 14, 15, 17, 18, 19, 20, 21, 22, 25, 26, 28, 29, 30, 33, 34, 36, 37], "summary": {"covered_lines": 18, "num_statements": 18, "percent_covered": 100.0, "percent_covered_display": "100", "missing_lines": 0, "excluded_lines": 0}, "missing_lines": [], "excluded_lines": []}}, "classes": {"CreatePaymentRequest": {"executed_lines": [], "summary": {"covered_lines": 0, "num_statements": 0, "percent_covered": 100.0, "percent_covered_display": "100", "missing_lines": 0, "excluded_lines": 0}, "missing_lines": [], "excluded_lines": []}, "PaymentParams": {"executed_lines": [], "summary": {"covered_lines": 0, "num_statements": 0, "percent_covered": 100.0, "percent_covered_display": "100", "missing_lines": 0, "excluded_lines": 0}, "missing_lines": [], "excluded_lines": []}, "CreatePaymentResponse": {"executed_lines": [], "summary": {"covered_lines": 0, "num_statements": 0, "percent_covered": 100.0, "percent_covered_display": "100", "missing_lines": 0, "excluded_lines": 0}, "missing_lines": [], "excluded_lines": []}, "PaymentErrorResponse": {"executed_lines": [], "summary": {"covered_lines": 0, "num_statements": 0, "percent_covered": 100.0, "percent_covered_display": "100", "missing_lines": 0, "excluded_lines": 0}, "missing_lines": [], "excluded_lines": []}, "": {"executed_lines": [1, 4, 5, 8, 9, 11, 14, 15, 17, 18, 19, 20, 21, 22, 25, 26, 28, 29, 30, 33, 34, 36, 37], "summary": {"covered_lines": 18, "num_statements": 18, "percent_covered": 100.0, "percent_covered_display": "100", "missing_lines": 0, "excluded_lines": 0}, "missing_lines": [], "excluded_lines": []}}}, "app/api/v1/share.py": {"executed_lines": [1, 5, 7, 8, 10, 11, 12, 13, 14, 21, 24, 25, 31, 41, 42, 50, 57, 60, 61, 67, 71, 72, 79], "summary": {"covered_lines": 22, "num_statements": 27, "percent_covered": 81.48148148148148, "percent_covered_display": "81", "missing_lines": 5, "excluded_lines": 0}, "missing_lines": [38, 68, 85, 86, 87], "excluded_lines": [], "functions": {"create_share_endpoint": {"executed_lines": [31], "summary": {"covered_lines": 1, "num_statements": 2, "percent_covered": 50.0, "percent_covered_display": "50", "missing_lines": 1, "excluded_lines": 0}, "missing_lines": [38], "excluded_lines": []}, "list_shares": {"executed_lines": [50, 57], "summary": {"covered_lines": 2, "num_statements": 2, "percent_covered": 100.0, "percent_covered_display": "100", "missing_lines": 0, "excluded_lines": 0}, "missing_lines": [], "excluded_lines": []}, "get_stats": {"executed_lines": [67], "summary": {"covered_lines": 1, "num_statements": 2, "percent_covered": 50.0, "percent_covered_display": "50", "missing_lines": 1, "excluded_lines": 0}, "missing_lines": [68], "excluded_lines": []}, "update_status": {"executed_lines": [79], "summary": {"covered_lines": 1, "num_statements": 4, "percent_covered": 25.0, "percent_covered_display": "25", "missing_lines": 3, "excluded_lines": 0}, "missing_lines": [85, 86, 87], "excluded_lines": []}, "": {"executed_lines": [1, 5, 7, 8, 10, 11, 12, 13, 14, 21, 24, 25, 41, 42, 60, 61, 71, 72], "summary": {"covered_lines": 17, "num_statements": 17, "percent_covered": 100.0, "percent_covered_display": "100", "missing_lines": 0, "excluded_lines": 0}, "missing_lines": [], "excluded_lines": []}}, "classes": {"": {"executed_lines": [1, 5, 7, 8, 10, 11, 12, 13, 14, 21, 24, 25, 31, 41, 42, 50, 57, 60, 61, 67, 71, 72, 79], "summary": {"covered_lines": 22, "num_statements": 27, "percent_covered": 81.48148148148148, "percent_covered_display": "81", "missing_lines": 5, "excluded_lines": 0}, "missing_lines": [38, 68, 85, 86, 87], "excluded_lines": []}}}, "app/api/v1/statistics.py": {"executed_lines": [1, 4, 5, 7, 8, 9, 10, 11, 13, 16, 17, 23, 26, 27, 32, 35, 36, 44], "summary": {"covered_lines": 17, "num_statements": 17, "percent_covered": 100.0, "percent_covered_display": "100", "missing_lines": 0, "excluded_lines": 0}, "missing_lines": [], "excluded_lines": [], "functions": {"statistics_summary": {"executed_lines": [23], "summary": {"covered_lines": 1, "num_statements": 1, "percent_covered": 100.0, "percent_covered_display": "100", "missing_lines": 0, "excluded_lines": 0}, "missing_lines": [], "excluded_lines": []}, "statistics_trend": {"executed_lines": [32], "summary": {"covered_lines": 1, "num_statements": 1, "percent_covered": 100.0, "percent_covered_display": "100", "missing_lines": 0, "excluded_lines": 0}, "missing_lines": [], "excluded_lines": []}, "statistics_insights": {"executed_lines": [44], "summary": {"covered_lines": 1, "num_statements": 1, "percent_covered": 100.0, "percent_covered_display": "100", "missing_lines": 0, "excluded_lines": 0}, "missing_lines": [], "excluded_lines": []}, "": {"executed_lines": [1, 4, 5, 7, 8, 9, 10, 11, 13, 16, 17, 26, 27, 35, 36], "summary": {"covered_lines": 14, "num_statements": 14, "percent_covered": 100.0, "percent_covered_display": "100", "missing_lines": 0, "excluded_lines": 0}, "missing_lines": [], "excluded_lines": []}}, "classes": {"": {"executed_lines": [1, 4, 5, 7, 8, 9, 10, 11, 13, 16, 17, 23, 26, 27, 32, 35, 36, 44], "summary": {"covered_lines": 17, "num_statements": 17, "percent_covered": 100.0, "percent_covered_display": "100", "missing_lines": 0, "excluded_lines": 0}, "missing_lines": [], "excluded_lines": []}}}, "app/api/v1/storage.py": {"executed_lines": [1, 4, 6, 7, 8, 10, 13, 14, 21, 24, 25, 32, 34], "summary": {"covered_lines": 12, "num_statements": 12, "percent_covered": 100.0, "percent_covered_display": "100", "missing_lines": 0, "excluded_lines": 0}, "missing_lines": [], "excluded_lines": [], "functions": {"get_storage_status": {"executed_lines": [21], "summary": {"covered_lines": 1, "num_statements": 1, "percent_covered": 100.0, "percent_covered_display": "100", "missing_lines": 0, "excluded_lines": 0}, "missing_lines": [], "excluded_lines": []}, "get_storage_config": {"executed_lines": [32, 34], "summary": {"covered_lines": 2, "num_statements": 2, "percent_covered": 100.0, "percent_covered_display": "100", "missing_lines": 0, "excluded_lines": 0}, "missing_lines": [], "excluded_lines": []}, "": {"executed_lines": [1, 4, 6, 7, 8, 10, 13, 14, 24, 25], "summary": {"covered_lines": 9, "num_statements": 9, "percent_covered": 100.0, "percent_covered_display": "100", "missing_lines": 0, "excluded_lines": 0}, "missing_lines": [], "excluded_lines": []}}, "classes": {"": {"executed_lines": [1, 4, 6, 7, 8, 10, 13, 14, 21, 24, 25, 32, 34], "summary": {"covered_lines": 12, "num_statements": 12, "percent_covered": 100.0, "percent_covered_display": "100", "missing_lines": 0, "excluded_lines": 0}, "missing_lines": [], "excluded_lines": []}}}, "app/api/v1/theme.py": {"executed_lines": [1, 4, 6, 8, 9, 10, 11, 12, 13, 14, 16, 19, 20, 25, 29, 30, 35, 39, 40, 46], "summary": {"covered_lines": 19, "num_statements": 23, "percent_covered": 82.6086956521739, "percent_covered_display": "83", "missing_lines": 4, "excluded_lines": 0}, "missing_lines": [26, 36, 55, 61], "excluded_lines": [], "functions": {"list_themes_endpoint": {"executed_lines": [25], "summary": {"covered_lines": 1, "num_statements": 2, "percent_covered": 50.0, "percent_covered_display": "50", "missing_lines": 1, "excluded_lines": 0}, "missing_lines": [26], "excluded_lines": []}, "get_my_settings": {"executed_lines": [35], "summary": {"covered_lines": 1, "num_statements": 2, "percent_covered": 50.0, "percent_covered_display": "50", "missing_lines": 1, "excluded_lines": 0}, "missing_lines": [36], "excluded_lines": []}, "update_my_settings": {"executed_lines": [46], "summary": {"covered_lines": 1, "num_statements": 3, "percent_covered": 33.333333333333336, "percent_covered_display": "33", "missing_lines": 2, "excluded_lines": 0}, "missing_lines": [55, 61], "excluded_lines": []}, "": {"executed_lines": [1, 4, 6, 8, 9, 10, 11, 12, 13, 14, 16, 19, 20, 29, 30, 39, 40], "summary": {"covered_lines": 16, "num_statements": 16, "percent_covered": 100.0, "percent_covered_display": "100", "missing_lines": 0, "excluded_lines": 0}, "missing_lines": [], "excluded_lines": []}}, "classes": {"": {"executed_lines": [1, 4, 6, 8, 9, 10, 11, 12, 13, 14, 16, 19, 20, 25, 29, 30, 35, 39, 40, 46], "summary": {"covered_lines": 19, "num_statements": 23, "percent_covered": 82.6086956521739, "percent_covered_display": "83", "missing_lines": 4, "excluded_lines": 0}, "missing_lines": [26, 36, 55, 61], "excluded_lines": []}}}, "app/api/v1/user.py": {"executed_lines": [1, 4, 6, 7, 8, 9, 10, 11, 13, 16, 17, 33, 34, 35, 38, 39, 49, 50, 57, 58, 60, 61], "summary": {"covered_lines": 21, "num_statements": 23, "percent_covered": 91.30434782608695, "percent_covered_display": "91", "missing_lines": 2, "excluded_lines": 0}, "missing_lines": [45, 46], "excluded_lines": [], "functions": {"_user_to_response": {"executed_lines": [17], "summary": {"covered_lines": 1, "num_statements": 1, "percent_covered": 100.0, "percent_covered_display": "100", "missing_lines": 0, "excluded_lines": 0}, "missing_lines": [], "excluded_lines": []}, "get_me": {"executed_lines": [35], "summary": {"covered_lines": 1, "num_statements": 1, "percent_covered": 100.0, "percent_covered_display": "100", "missing_lines": 0, "excluded_lines": 0}, "missing_lines": [], "excluded_lines": []}, "update_me": {"executed_lines": [], "summary": {"covered_lines": 0, "num_statements": 2, "percent_covered": 0.0, "percent_covered_display": "0", "missing_lines": 2, "excluded_lines": 0}, "missing_lines": [45, 46], "excluded_lines": []}, "get_profile_data": {"executed_lines": [57, 58, 60, 61], "summary": {"covered_lines": 4, "num_statements": 4, "percent_covered": 100.0, "percent_covered_display": "100", "missing_lines": 0, "excluded_lines": 0}, "missing_lines": [], "excluded_lines": []}, "": {"executed_lines": [1, 4, 6, 7, 8, 9, 10, 11, 13, 16, 33, 34, 38, 39, 49, 50], "summary": {"covered_lines": 15, "num_statements": 15, "percent_covered": 100.0, "percent_covered_display": "100", "missing_lines": 0, "excluded_lines": 0}, "missing_lines": [], "excluded_lines": []}}, "classes": {"": {"executed_lines": [1, 4, 6, 7, 8, 9, 10, 11, 13, 16, 17, 33, 34, 35, 38, 39, 49, 50, 57, 58, 60, 61], "summary": {"covered_lines": 21, "num_statements": 23, "percent_covered": 91.30434782608695, "percent_covered_display": "91", "missing_lines": 2, "excluded_lines": 0}, "missing_lines": [45, 46], "excluded_lines": []}}}, "app/celery_app.py": {"executed_lines": [1, 5, 6, 8, 10, 12, 20, 38], "summary": {"covered_lines": 7, "num_statements": 7, "percent_covered": 100.0, "percent_covered_display": "100", "missing_lines": 0, "excluded_lines": 0}, "missing_lines": [], "excluded_lines": [], "functions": {"": {"executed_lines": [1, 5, 6, 8, 10, 12, 20, 38], "summary": {"covered_lines": 7, "num_statements": 7, "percent_covered": 100.0, "percent_covered_display": "100", "missing_lines": 0, "excluded_lines": 0}, "missing_lines": [], "excluded_lines": []}}, "classes": {"": {"executed_lines": [1, 5, 6, 8, 10, 12, 20, 38], "summary": {"covered_lines": 7, "num_statements": 7, "percent_covered": 100.0, "percent_covered_display": "100", "missing_lines": 0, "excluded_lines": 0}, "missing_lines": [], "excluded_lines": []}}}, "app/core/__init__.py": {"executed_lines": [2, 4], "summary": {"covered_lines": 2, "num_statements": 2, "percent_covered": 100.0, "percent_covered_display": "100", "missing_lines": 0, "excluded_lines": 0}, "missing_lines": [], "excluded_lines": [], "functions": {"": {"executed_lines": [2, 4], "summary": {"covered_lines": 2, "num_statements": 2, "percent_covered": 100.0, "percent_covered_display": "100", "missing_lines": 0, "excluded_lines": 0}, "missing_lines": [], "excluded_lines": []}}, "classes": {"": {"executed_lines": [2, 4], "summary": {"covered_lines": 2, "num_statements": 2, "percent_covered": 100.0, "percent_covered_display": "100", "missing_lines": 0, "excluded_lines": 0}, "missing_lines": [], "excluded_lines": []}}}, "app/core/cache.py": {"executed_lines": [1, 4, 5, 6, 7, 9, 12, 15, 18, 19, 25, 28, 31, 32, 33, 37, 38, 39, 40, 41, 44, 46, 49, 51, 54, 56, 59, 61, 64, 66, 69, 70, 72, 73, 75, 76, 77, 78, 79, 80, 82, 83, 85, 86, 87, 88, 89, 91, 92, 94, 95, 97, 98, 100, 101, 103, 104, 105, 106, 107, 109, 110, 112, 113, 114, 115, 118, 119, 121, 122, 124, 125, 126, 128, 129, 131, 132, 133, 135, 136, 138, 139, 140, 143], "summary": {"covered_lines": 81, "num_statements": 82, "percent_covered": 98.78048780487805, "percent_covered_display": "99", "missing_lines": 1, "excluded_lines": 0}, "missing_lines": [96], "excluded_lines": [], "functions": {"get_redis_client": {"executed_lines": [18, 19, 25], "summary": {"covered_lines": 3, "num_statements": 3, "percent_covered": 100.0, "percent_covered_display": "100", "missing_lines": 0, "excluded_lines": 0}, "missing_lines": [], "excluded_lines": []}, "close_redis": {"executed_lines": [31, 32, 33], "summary": {"covered_lines": 3, "num_statements": 3, "percent_covered": 100.0, "percent_covered_display": "100", "missing_lines": 0, "excluded_lines": 0}, "missing_lines": [], "excluded_lines": []}, "get_user_info_key": {"executed_lines": [46], "summary": {"covered_lines": 1, "num_statements": 1, "percent_covered": 100.0, "percent_covered_display": "100", "missing_lines": 0, "excluded_lines": 0}, "missing_lines": [], "excluded_lines": []}, "get_payday_status_key": {"executed_lines": [51], "summary": {"covered_lines": 1, "num_statements": 1, "percent_covered": 100.0, "percent_covered_display": "100", "missing_lines": 0, "excluded_lines": 0}, "missing_lines": [], "excluded_lines": []}, "get_post_hot_key": {"executed_lines": [56], "summary": {"covered_lines": 1, "num_statements": 1, "percent_covered": 100.0, "percent_covered_display": "100", "missing_lines": 0, "excluded_lines": 0}, "missing_lines": [], "excluded_lines": []}, "get_post_view_key": {"executed_lines": [61], "summary": {"covered_lines": 1, "num_statements": 1, "percent_covered": 100.0, "percent_covered_display": "100", "missing_lines": 0, "excluded_lines": 0}, "missing_lines": [], "excluded_lines": []}, "get_like_status_key": {"executed_lines": [66], "summary": {"covered_lines": 1, "num_statements": 1, "percent_covered": 100.0, "percent_covered_display": "100", "missing_lines": 0, "excluded_lines": 0}, "missing_lines": [], "excluded_lines": []}, "PostCacheService.add_to_hot_posts": {"executed_lines": [75, 76, 77, 78, 79, 80], "summary": {"covered_lines": 6, "num_statements": 6, "percent_covered": 100.0, "percent_covered_display": "100", "missing_lines": 0, "excluded_lines": 0}, "missing_lines": [], "excluded_lines": []}, "PostCacheService.get_hot_posts": {"executed_lines": [85, 86, 87, 88, 89], "summary": {"covered_lines": 5, "num_statements": 5, "percent_covered": 100.0, "percent_covered_display": "100", "missing_lines": 0, "excluded_lines": 0}, "missing_lines": [], "excluded_lines": []}, "PostCacheService.remove_from_hot_posts": {"executed_lines": [94, 95, 97, 98], "summary": {"covered_lines": 4, "num_statements": 5, "percent_covered": 80.0, "percent_covered_display": "80", "missing_lines": 1, "excluded_lines": 0}, "missing_lines": [96], "excluded_lines": []}, "PostCacheService.increment_view_count": {"executed_lines": [103, 104, 105, 106, 107], "summary": {"covered_lines": 5, "num_statements": 5, "percent_covered": 100.0, "percent_covered_display": "100", "missing_lines": 0, "excluded_lines": 0}, "missing_lines": [], "excluded_lines": []}, "PostCacheService.get_view_count": {"executed_lines": [112, 113, 114, 115], "summary": {"covered_lines": 4, "num_statements": 4, "percent_covered": 100.0, "percent_covered_display": "100", "missing_lines": 0, "excluded_lines": 0}, "missing_lines": [], "excluded_lines": []}, "LikeCacheService.set_like_status": {"executed_lines": [124, 125, 126], "summary": {"covered_lines": 3, "num_statements": 3, "percent_covered": 100.0, "percent_covered_display": "100", "missing_lines": 0, "excluded_lines": 0}, "missing_lines": [], "excluded_lines": []}, "LikeCacheService.remove_like_status": {"executed_lines": [131, 132, 133], "summary": {"covered_lines": 3, "num_statements": 3, "percent_covered": 100.0, "percent_covered_display": "100", "missing_lines": 0, "excluded_lines": 0}, "missing_lines": [], "excluded_lines": []}, "LikeCacheService.is_liked": {"executed_lines": [138, 139, 140], "summary": {"covered_lines": 3, "num_statements": 3, "percent_covered": 100.0, "percent_covered_display": "100", "missing_lines": 0, "excluded_lines": 0}, "missing_lines": [], "excluded_lines": []}, "": {"executed_lines": [1, 4, 5, 6, 7, 9, 12, 15, 28, 37, 38, 39, 40, 41, 44, 49, 54, 59, 64, 69, 70, 72, 73, 82, 83, 91, 92, 100, 101, 109, 110, 118, 119, 121, 122, 128, 129, 135, 136, 143], "summary": {"covered_lines": 37, "num_statements": 37, "percent_covered": 100.0, "percent_covered_display": "100", "missing_lines": 0, "excluded_lines": 0}, "missing_lines": [], "excluded_lines": []}}, "classes": {"PostCacheService": {"executed_lines": [75, 76, 77, 78, 79, 80, 85, 86, 87, 88, 89, 94, 95, 97, 98, 103, 104, 105, 106, 107, 112, 113, 114, 115], "summary": {"covered_lines": 24, "num_statements": 25, "percent_covered": 96.0, "percent_covered_display": "96", "missing_lines": 1, "excluded_lines": 0}, "missing_lines": [96], "excluded_lines": []}, "LikeCacheService": {"executed_lines": [124, 125, 126, 131, 132, 133, 138, 139, 140], "summary": {"covered_lines": 9, "num_statements": 9, "percent_covered": 100.0, "percent_covered_display": "100", "missing_lines": 0, "excluded_lines": 0}, "missing_lines": [], "excluded_lines": []}, "": {"executed_lines": [1, 4, 5, 6, 7, 9, 12, 15, 18, 19, 25, 28, 31, 32, 33, 37, 38, 39, 40, 41, 44, 46, 49, 51, 54, 56, 59, 61, 64, 66, 69, 70, 72, 73, 82, 83, 91, 92, 100, 101, 109, 110, 118, 119, 121, 122, 128, 129, 135, 136, 143], "summary": {"covered_lines": 48, "num_statements": 48, "percent_covered": 100.0, "percent_covered_display": "100", "missing_lines": 0, "excluded_lines": 0}, "missing_lines": [], "excluded_lines": []}}}, "app/core/config.py": {"executed_lines": [1, 5, 6, 7, 8, 9, 11, 14, 22, 26, 27, 28, 32, 33, 34, 35, 37, 38, 42, 46, 47, 48, 52, 54, 55, 58, 61, 62, 65, 66, 69, 70, 71, 72, 73, 75, 76, 77, 84, 87, 88, 91, 92, 93, 97, 98, 99, 103, 108, 112, 115, 116, 117, 118, 121, 122, 123, 124, 127, 130, 131, 132, 133, 136, 137, 138, 139, 141, 142, 143, 144, 146, 152, 155, 156, 160, 161, 165, 166, 170, 180, 183, 184, 186, 187, 189, 190, 195, 198], "summary": {"covered_lines": 87, "num_statements": 99, "percent_covered": 87.87878787878788, "percent_covered_display": "88", "missing_lines": 12, "excluded_lines": 0}, "missing_lines": [23, 29, 39, 49, 56, 157, 162, 171, 172, 173, 175, 208], "excluded_lines": [], "functions": {"check_key_strength": {"executed_lines": [22, 26, 27, 28, 32, 33, 34, 35, 37, 38, 42, 46, 47, 48, 52, 54, 55, 58], "summary": {"covered_lines": 18, "num_statements": 23, "percent_covered": 78.26086956521739, "percent_covered_display": "78", "missing_lines": 5, "excluded_lines": 0}, "missing_lines": [23, 29, 39, 49, 56], "excluded_lines": []}, "Settings.database_url": {"executed_lines": [77], "summary": {"covered_lines": 1, "num_statements": 1, "percent_covered": 100.0, "percent_covered_display": "100", "missing_lines": 0, "excluded_lines": 0}, "missing_lines": [], "excluded_lines": []}, "Settings.validate_security_settings": {"executed_lines": [152, 155, 156, 160, 161, 165, 166, 170], "summary": {"covered_lines": 8, "num_statements": 14, "percent_covered": 57.142857142857146, "percent_covered_display": "57", "missing_lines": 6, "excluded_lines": 0}, "missing_lines": [157, 162, 171, 172, 173, 175], "excluded_lines": []}, "get_settings": {"executed_lines": [186, 187, 189, 190], "summary": {"covered_lines": 4, "num_statements": 4, "percent_covered": 100.0, "percent_covered_display": "100", "missing_lines": 0, "excluded_lines": 0}, "missing_lines": [], "excluded_lines": []}, "generate_secure_key": {"executed_lines": [], "summary": {"covered_lines": 0, "num_statements": 1, "percent_covered": 0.0, "percent_covered_display": "0", "missing_lines": 1, "excluded_lines": 0}, "missing_lines": [208], "excluded_lines": []}, "": {"executed_lines": [1, 5, 6, 7, 8, 9, 11, 14, 61, 62, 65, 66, 69, 70, 71, 72, 73, 75, 76, 84, 87, 88, 91, 92, 93, 97, 98, 99, 103, 108, 112, 115, 116, 117, 118, 121, 122, 123, 124, 127, 130, 131, 132, 133, 136, 137, 138, 139, 141, 142, 143, 144, 146, 180, 183, 184, 195, 198], "summary": {"covered_lines": 56, "num_statements": 56, "percent_covered": 100.0, "percent_covered_display": "100", "missing_lines": 0, "excluded_lines": 0}, "missing_lines": [], "excluded_lines": []}}, "classes": {"Settings": {"executed_lines": [77, 152, 155, 156, 160, 161, 165, 166, 170], "summary": {"covered_lines": 9, "num_statements": 15, "percent_covered": 60.0, "percent_covered_display": "60", "missing_lines": 6, "excluded_lines": 0}, "missing_lines": [157, 162, 171, 172, 173, 175], "excluded_lines": []}, "Settings.Config": {"executed_lines": [], "summary": {"covered_lines": 0, "num_statements": 0, "percent_covered": 100.0, "percent_covered_display": "100", "missing_lines": 0, "excluded_lines": 0}, "missing_lines": [], "excluded_lines": []}, "": {"executed_lines": [1, 5, 6, 7, 8, 9, 11, 14, 22, 26, 27, 28, 32, 33, 34, 35, 37, 38, 42, 46, 47, 48, 52, 54, 55, 58, 61, 62, 65, 66, 69, 70, 71, 72, 73, 75, 76, 84, 87, 88, 91, 92, 93, 97, 98, 99, 103, 108, 112, 115, 116, 117, 118, 121, 122, 123, 124, 127, 130, 131, 132, 133, 136, 137, 138, 139, 141, 142, 143, 144, 146, 180, 183, 184, 186, 187, 189, 190, 195, 198], "summary": {"covered_lines": 78, "num_statements": 84, "percent_covered": 92.85714285714286, "percent_covered_display": "93", "missing_lines": 6, "excluded_lines": 0}, "missing_lines": [23, 29, 39, 49, 56, 208], "excluded_lines": []}}}, "app/core/csrf.py": {"executed_lines": [1, 5, 6, 7, 8, 9, 12, 13, 15, 16, 17, 18, 19, 21, 23, 25, 34, 35, 36, 37, 39, 55, 57, 58, 61, 62, 64, 66, 67, 69, 70, 73, 75, 76, 77, 79, 81, 82, 83, 84, 88, 91, 92, 94, 95, 101, 119, 124, 125, 126, 128], "summary": {"covered_lines": 48, "num_statements": 48, "percent_covered": 100.0, "percent_covered_display": "100", "missing_lines": 0, "excluded_lines": 0}, "missing_lines": [], "excluded_lines": [], "functions": {"CSRFTokenManager.__init__": {"executed_lines": [16, 17, 18, 19], "summary": {"covered_lines": 4, "num_statements": 4, "percent_covered": 100.0, "percent_covered_display": "100", "missing_lines": 0, "excluded_lines": 0}, "missing_lines": [], "excluded_lines": []}, "CSRFTokenManager.generate_token": {"executed_lines": [23], "summary": {"covered_lines": 1, "num_statements": 1, "percent_covered": 100.0, "percent_covered_display": "100", "missing_lines": 0, "excluded_lines": 0}, "missing_lines": [], "excluded_lines": []}, "CSRFTokenManager.save_token": {"executed_lines": [34, 35, 36, 37], "summary": {"covered_lines": 4, "num_statements": 4, "percent_covered": 100.0, "percent_covered_display": "100", "missing_lines": 0, "excluded_lines": 0}, "missing_lines": [], "excluded_lines": []}, "CSRFTokenManager.validate_token": {"executed_lines": [55, 57, 58, 61, 62, 64, 66, 67, 69, 70, 73, 75, 76, 77], "summary": {"covered_lines": 14, "num_statements": 14, "percent_covered": 100.0, "percent_covered_display": "100", "missing_lines": 0, "excluded_lines": 0}, "missing_lines": [], "excluded_lines": []}, "CSRFTokenManager.delete_token": {"executed_lines": [81, 82, 83, 84], "summary": {"covered_lines": 4, "num_statements": 4, "percent_covered": 100.0, "percent_covered_display": "100", "missing_lines": 0, "excluded_lines": 0}, "missing_lines": [], "excluded_lines": []}, "CSRFException.__init__": {"executed_lines": [95], "summary": {"covered_lines": 1, "num_statements": 1, "percent_covered": 100.0, "percent_covered_display": "100", "missing_lines": 0, "excluded_lines": 0}, "missing_lines": [], "excluded_lines": []}, "csrf_response": {"executed_lines": [119, 124, 125, 126, 128], "summary": {"covered_lines": 5, "num_statements": 5, "percent_covered": 100.0, "percent_covered_display": "100", "missing_lines": 0, "excluded_lines": 0}, "missing_lines": [], "excluded_lines": []}, "": {"executed_lines": [1, 5, 6, 7, 8, 9, 12, 13, 15, 21, 25, 39, 79, 88, 91, 92, 94, 101], "summary": {"covered_lines": 15, "num_statements": 15, "percent_covered": 100.0, "percent_covered_display": "100", "missing_lines": 0, "excluded_lines": 0}, "missing_lines": [], "excluded_lines": []}}, "classes": {"CSRFTokenManager": {"executed_lines": [16, 17, 18, 19, 23, 34, 35, 36, 37, 55, 57, 58, 61, 62, 64, 66, 67, 69, 70, 73, 75, 76, 77, 81, 82, 83, 84], "summary": {"covered_lines": 27, "num_statements": 27, "percent_covered": 100.0, "percent_covered_display": "100", "missing_lines": 0, "excluded_lines": 0}, "missing_lines": [], "excluded_lines": []}, "CSRFException": {"executed_lines": [95], "summary": {"covered_lines": 1, "num_statements": 1, "percent_covered": 100.0, "percent_covered_display": "100", "missing_lines": 0, "excluded_lines": 0}, "missing_lines": [], "excluded_lines": []}, "": {"executed_lines": [1, 5, 6, 7, 8, 9, 12, 13, 15, 21, 25, 39, 79, 88, 91, 92, 94, 101, 119, 124, 125, 126, 128], "summary": {"covered_lines": 20, "num_statements": 20, "percent_covered": 100.0, "percent_covered_display": "100", "missing_lines": 0, "excluded_lines": 0}, "missing_lines": [], "excluded_lines": []}}}, "app/core/database.py": {"executed_lines": [1, 6, 7, 8, 9, 10, 11, 13, 17, 33, 36, 38, 41, 42, 45, 48, 51, 52, 54, 68, 73, 74, 77, 79, 80, 81, 84, 85, 103, 104, 105], "summary": {"covered_lines": 30, "num_statements": 33, "percent_covered": 90.9090909090909, "percent_covered_display": "91", "missing_lines": 3, "excluded_lines": 0}, "missing_lines": [106, 107, 108], "excluded_lines": [], "functions": {"_get_async_engine": {"executed_lines": [51, 52, 54, 68, 73, 74], "summary": {"covered_lines": 6, "num_statements": 6, "percent_covered": 100.0, "percent_covered_display": "100", "missing_lines": 0, "excluded_lines": 0}, "missing_lines": [], "excluded_lines": []}, "get_db": {"executed_lines": [79, 80, 81], "summary": {"covered_lines": 3, "num_statements": 3, "percent_covered": 100.0, "percent_covered_display": "100", "missing_lines": 0, "excluded_lines": 0}, "missing_lines": [], "excluded_lines": []}, "transactional": {"executed_lines": [103, 104, 105], "summary": {"covered_lines": 3, "num_statements": 6, "percent_covered": 50.0, "percent_covered_display": "50", "missing_lines": 3, "excluded_lines": 0}, "missing_lines": [106, 107, 108], "excluded_lines": []}, "": {"executed_lines": [1, 6, 7, 8, 9, 10, 11, 13, 17, 33, 36, 38, 41, 42, 45, 48, 77, 84, 85], "summary": {"covered_lines": 18, "num_statements": 18, "percent_covered": 100.0, "percent_covered_display": "100", "missing_lines": 0, "excluded_lines": 0}, "missing_lines": [], "excluded_lines": []}}, "classes": {"": {"executed_lines": [1, 6, 7, 8, 9, 10, 11, 13, 17, 33, 36, 38, 41, 42, 45, 48, 51, 52, 54, 68, 73, 74, 77, 79, 80, 81, 84, 85, 103, 104, 105], "summary": {"covered_lines": 30, "num_statements": 33, "percent_covered": 90.9090909090909, "percent_covered_display": "91", "missing_lines": 3, "excluded_lines": 0}, "missing_lines": [106, 107, 108], "excluded_lines": []}}}, "app/core/db_utils.py": {"executed_lines": [1, 4, 5, 7, 9, 12, 13, 22, 23, 26, 32, 33, 34, 35, 36, 39, 40, 53, 54, 55, 57, 58], "summary": {"covered_lines": 20, "num_statements": 20, "percent_covered": 100.0, "percent_covered_display": "100", "missing_lines": 0, "excluded_lines": 0}, "missing_lines": [], "excluded_lines": [], "functions": {"transaction": {"executed_lines": [22, 23], "summary": {"covered_lines": 2, "num_statements": 2, "percent_covered": 100.0, "percent_covered_display": "100", "missing_lines": 0, "excluded_lines": 0}, "missing_lines": [], "excluded_lines": []}, "commit_or_rollback": {"executed_lines": [32, 33, 34, 35, 36], "summary": {"covered_lines": 5, "num_statements": 5, "percent_covered": 100.0, "percent_covered_display": "100", "missing_lines": 0, "excluded_lines": 0}, "missing_lines": [], "excluded_lines": []}, "TransactionalMixin.transaction": {"executed_lines": [57, 58], "summary": {"covered_lines": 2, "num_statements": 2, "percent_covered": 100.0, "percent_covered_display": "100", "missing_lines": 0, "excluded_lines": 0}, "missing_lines": [], "excluded_lines": []}, "": {"executed_lines": [1, 4, 5, 7, 9, 12, 13, 26, 39, 40, 53, 54, 55], "summary": {"covered_lines": 11, "num_statements": 11, "percent_covered": 100.0, "percent_covered_display": "100", "missing_lines": 0, "excluded_lines": 0}, "missing_lines": [], "excluded_lines": []}}, "classes": {"TransactionalMixin": {"executed_lines": [57, 58], "summary": {"covered_lines": 2, "num_statements": 2, "percent_covered": 100.0, "percent_covered_display": "100", "missing_lines": 0, "excluded_lines": 0}, "missing_lines": [], "excluded_lines": []}, "": {"executed_lines": [1, 4, 5, 7, 9, 12, 13, 22, 23, 26, 32, 33, 34, 35, 36, 39, 40, 53, 54, 55], "summary": {"covered_lines": 18, "num_statements": 18, "percent_covered": 100.0, "percent_covered_display": "100", "missing_lines": 0, "excluded_lines": 0}, "missing_lines": [], "excluded_lines": []}}}, "app/core/deps.py": {"executed_lines": [1, 4, 6, 7, 8, 9, 11, 12, 13, 14, 22, 23, 24, 26, 29, 33, 34, 39, 40, 41, 42, 47, 48, 49, 50, 51, 56, 59, 64, 65, 70, 71, 72, 77, 78, 79, 80, 81, 87, 88, 92, 95, 110, 112, 118, 119, 120, 122, 123, 127, 129, 132, 152, 156, 157, 161, 163, 186, 195, 196, 198, 200, 201, 202, 205, 208, 209, 210, 212, 215, 219, 238, 240, 243, 244, 245, 247, 252, 258, 276, 279, 291, 292, 293, 296, 302, 303, 304, 313, 314, 315, 317, 329, 343], "summary": {"covered_lines": 79, "num_statements": 122, "percent_covered": 64.75409836065573, "percent_covered_display": "65", "missing_lines": 43, "excluded_lines": 5}, "missing_lines": [165, 171, 172, 174, 175, 176, 177, 180, 181, 182, 235, 241, 242, 246, 249, 275, 277, 280, 281, 282, 284, 286, 287, 298, 299, 300, 316, 328, 330, 333, 339, 340, 341, 344, 350, 351, 352, 355, 361, 362, 363, 366, 381], "excluded_lines": [96, 136, 219, 258, 317], "functions": {"get_current_user": {"executed_lines": [33, 34, 39, 40, 41, 42, 47, 48, 49, 50, 51, 56], "summary": {"covered_lines": 12, "num_statements": 12, "percent_covered": 100.0, "percent_covered_display": "100", "missing_lines": 0, "excluded_lines": 0}, "missing_lines": [], "excluded_lines": []}, "get_current_admin": {"executed_lines": [64, 65, 70, 71, 72, 77, 78, 79, 80, 81, 87, 88, 92], "summary": {"covered_lines": 13, "num_statements": 13, "percent_covered": 100.0, "percent_covered_display": "100", "missing_lines": 0, "excluded_lines": 0}, "missing_lines": [], "excluded_lines": []}, "require_permission": {"executed_lines": [110, 129], "summary": {"covered_lines": 2, "num_statements": 2, "percent_covered": 100.0, "percent_covered_display": "100", "missing_lines": 0, "excluded_lines": 1}, "missing_lines": [], "excluded_lines": [96]}, "require_permission.check_permission": {"executed_lines": [112, 118, 119, 120, 122, 123, 127], "summary": {"covered_lines": 7, "num_statements": 7, "percent_covered": 100.0, "percent_covered_display": "100", "missing_lines": 0, "excluded_lines": 0}, "missing_lines": [], "excluded_lines": []}, "verify_csrf_token": {"executed_lines": [152, 156, 157, 161, 163, 186, 195, 196, 198, 200, 201, 202, 205, 208, 209, 210, 212], "summary": {"covered_lines": 17, "num_statements": 27, "percent_covered": 62.96296296296296, "percent_covered_display": "63", "missing_lines": 10, "excluded_lines": 1}, "missing_lines": [165, 171, 172, 174, 175, 176, 177, 180, 181, 182], "excluded_lines": [136]}, "verify_csrf_token_for_user": {"executed_lines": [219, 238, 240, 243, 244, 245, 247], "summary": {"covered_lines": 3, "num_statements": 8, "percent_covered": 37.5, "percent_covered_display": "38", "missing_lines": 5, "excluded_lines": 1}, "missing_lines": [235, 241, 242, 246, 249], "excluded_lines": [219]}, "verify_request_signature": {"executed_lines": [258, 276, 279, 291, 292, 293, 296, 302, 303, 304, 313], "summary": {"covered_lines": 5, "num_statements": 16, "percent_covered": 31.25, "percent_covered_display": "31", "missing_lines": 11, "excluded_lines": 1}, "missing_lines": [275, 277, 280, 281, 282, 284, 286, 287, 298, 299, 300], "excluded_lines": [258]},
[...]
missing_lines": 2, "excluded_lines": 0}, "missing_lines": [364, 371], "excluded_lines": []}, "": {"executed_lines": [1, 5, 6, 7, 8, 9, 10, 11, 13, 14, 16, 19, 22, 84, 135, 168, 199, 220, 230, 243, 270, 286, 323, 353], "summary": {"covered_lines": 23, "num_statements": 23, "percent_covered": 100.0, "percent_covered_display": "100", "missing_lines": 0, "excluded_lines": 0}, "missing_lines": [], "excluded_lines": []}}, "classes": {"": {"executed_lines": [1, 5, 6, 7, 8, 9, 10, 11, 13, 14, 16, 19, 22, 30, 33, 34, 35, 36, 38, 41, 43, 44, 46, 77, 78, 80, 81, 84, 90, 91, 94, 95, 97, 98, 101, 102, 105, 106, 108, 109, 110, 111, 114, 118, 119, 120, 122, 125, 126, 127, 128, 129, 130, 132, 135, 145, 146, 148, 149, 152, 153, 154, 157, 158, 159, 160, 162, 168, 177, 178, 179, 182, 183, 184, 187, 188, 191, 193, 194, 199, 208, 209, 211, 212, 213, 220, 222, 223, 225, 226, 227, 230, 239, 240, 243, 258, 259, 261, 262, 270, 278, 279, 281, 282, 286, 298, 299, 300, 301, 302, 303, 304, 306, 307, 308, 309, 310, 311, 313, 314, 315, 317, 319, 323, 332, 333, 335, 336, 337, 339, 340, 341, 343, 344, 345, 347, 349, 353, 359, 360, 362, 373, 375, 376], "summary": {"covered_lines": 143, "num_statements": 149, "percent_covered": 95.97315436241611, "percent_covered_display": "96", "missing_lines": 6, "excluded_lines": 2}, "missing_lines": [39, 165, 192, 196, 364, 371], "excluded_lines": [290, 324]}}}, "app/utils/storage.py": {"executed_lines": [1, 5, 7, 8, 9, 10, 12, 15, 16, 24, 26, 27, 29, 31, 32, 33, 37, 39, 40, 42, 44, 45, 47, 49, 50, 52, 54, 55, 57, 59, 70, 71, 73, 75, 95, 96, 101, 102, 103, 105, 106, 108, 123, 124, 129, 130, 131, 133, 134, 136, 147, 148, 153, 154, 156, 158, 168, 169, 170, 172, 173, 175, 177, 184, 194, 199], "summary": {"covered_lines": 64, "num_statements": 64, "percent_covered": 100.0, "percent_covered_display": "100", "missing_lines": 0, "excluded_lines": 0}, "missing_lines": [], "excluded_lines": [], "functions": {"UnifiedStorageService.__init__": {"executed_lines": [26, 27], "summary": {"covered_lines": 2, "num_statements": 2, "percent_covered": 100.0, "percent_covered_display": "100", "missing_lines": 0, "excluded_lines": 0}, "missing_lines": [], "excluded_lines": []}, "UnifiedStorageService._validate_provider": {"executed_lines": [31, 32, 33, 37], "summary": {"covered_lines": 4, "num_statements": 4, "percent_covered": 100.0, "percent_covered_display": "100", "missing_lines": 0, "excluded_lines": 0}, "missing_lines": [], "excluded_lines": []}, "UnifiedStorageService.cos_enabled": {"executed_lines": [42], "summary": {"covered_lines": 1, "num_statements": 1, "percent_covered": 100.0, "percent_covered_display": "100", "missing_lines": 0, "excluded_lines": 0}, "missing_lines": [], "excluded_lines": []}, "UnifiedStorageService.oss_enabled": {"executed_lines": [47], "summary": {"covered_lines": 1, "num_statements": 1, "percent_covered": 100.0, "percent_covered_display": "100", "missing_lines": 0, "excluded_lines": 0}, "missing_lines": [], "excluded_lines": []}, "UnifiedStorageService.enabled": {"executed_lines": [52], "summary": {"covered_lines": 1, "num_statements": 1, "percent_covered": 100.0, "percent_covered_display": "100", "missing_lines": 0, "excluded_lines": 0}, "missing_lines": [], "excluded_lines": []}, "UnifiedStorageService.current_provider": {"executed_lines": [57], "summary": {"covered_lines": 1, "num_statements": 1, "percent_covered": 100.0, "percent_covered_display": "100", "missing_lines": 0, "excluded_lines": 0}, "missing_lines": [], "excluded_lines": []}, "UnifiedStorageService.generate_key": {"executed_lines": [70, 71, 73], "summary": {"covered_lines": 3, "num_statements": 3, "percent_covered": 100.0, "percent_covered_display": "100", "missing_lines": 0, "excluded_lines": 0}, "missing_lines": [], "excluded_lines": []}, "UnifiedStorageService.upload_bytes": {"executed_lines": [95, 96, 101, 102, 103, 105, 106], "summary": {"covered_lines": 7, "num_statements": 7, "percent_covered": 100.0, "percent_covered_display": "100", "missing_lines": 0, "excluded_lines": 0}, "missing_lines": [], "excluded_lines": []}, "UnifiedStorageService.upload_file": {"executed_lines": [123, 124, 129, 130, 131, 133, 134], "summary": {"covered_lines": 7, "num_statements": 7, "percent_covered": 100.0, "percent_covered_display": "100", "missing_lines": 0, "excluded_lines": 0}, "missing_lines": [], "excluded_lines": []}, "UnifiedStorageService.get_presigned_url": {"executed_lines": [147, 148, 153, 154, 156], "summary": {"covered_lines": 5, "num_statements": 5, "percent_covered": 100.0, "percent_covered_display": "100", "missing_lines": 0, "excluded_lines": 0}, "missing_lines": [], "excluded_lines": []}, "UnifiedStorageService.delete_object": {"executed_lines": [168, 169, 170, 172, 173, 175], "summary": {"covered_lines": 6, "num_statements": 6, "percent_covered": 100.0, "percent_covered_display": "100", "missing_lines": 0, "excluded_lines": 0}, "missing_lines": [], "excluded_lines": []}, "UnifiedStorageService.get_status": {"executed_lines": [184], "summary": {"covered_lines": 1, "num_statements": 1, "percent_covered": 100.0, "percent_covered_display": "100", "missing_lines": 0, "excluded_lines": 0}, "missing_lines": [], "excluded_lines": []}, "": {"executed_lines": [1, 5, 7, 8, 9, 10, 12, 15, 16, 24, 29, 39, 40, 44, 45, 49, 50, 54, 55, 59, 75, 108, 136, 158, 177, 194, 199], "summary": {"covered_lines": 25, "num_statements": 25, "percent_covered": 100.0, "percent_covered_display": "100", "missing_lines": 0, "excluded_lines": 0}, "missing_lines": [], "excluded_lines": []}}, "classes": {"UnifiedStorageService": {"executed_lines": [26, 27, 31, 32, 33, 37, 42, 47, 52, 57, 70, 71, 73, 95, 96, 101, 102, 103, 105, 106, 123, 124, 129, 130, 131, 133, 134, 147, 148, 153, 154, 156, 168, 169, 170, 172, 173, 175, 184], "summary": {"covered_lines": 39, "num_statements": 39, "percent_covered": 100.0, "percent_covered_display": "100", "missing_lines": 0, "excluded_lines": 0}, "missing_lines": [], "excluded_lines": []}, "": {"executed_lines": [1, 5, 7, 8, 9, 10, 12, 15, 16, 24, 29, 39, 40, 44, 45, 49, 50, 54, 55, 59, 75, 108, 136, 158, 177, 194, 199], "summary": {"covered_lines": 25, "num_statements": 25, "percent_covered": 100.0, "percent_covered_display": "100", "missing_lines": 0, "excluded_lines": 0}, "missing_lines": [], "excluded_lines": []}}}, "app/utils/tencent_yu.py": {"executed_lines": [1, 5, 6, 7, 8, 9, 10, 11, 12, 14, 15, 17, 20, 21, 23, 25, 26, 27, 28, 29, 30, 31, 33, 35, 61, 62, 63, 64, 65, 66, 68, 69, 71, 73, 90, 91, 92, 94, 95, 96, 100, 102, 105, 106, 109, 110, 111, 113, 122, 123, 125, 126, 127, 128, 130, 144, 145, 146, 148, 149, 151, 155, 157, 159, 165, 166, 168, 173, 183, 184, 185, 187, 188, 189, 190, 192, 195, 196, 197, 199, 201, 202, 203, 204, 205, 206, 208, 218, 219, 220, 221, 222, 226, 229, 239, 240, 242, 243, 244, 245, 246, 247, 248, 249, 250, 252, 253, 255, 258, 268, 269, 271, 272, 273, 275, 276, 278], "summary": {"covered_lines": 115, "num_statements": 123, "percent_covered": 93.4959349593496, "percent_covered_display": "93", "missing_lines": 8, "excluded_lines": 0}, "missing_lines": [41, 47, 53, 58, 59, 169, 170, 171], "excluded_lines": [], "functions": {"TencentYuService.__init__": {"executed_lines": [25, 26, 27, 28, 29, 30, 31, 33, 35, 61, 62, 63, 64, 65, 66], "summary": {"covered_lines": 15, "num_statements": 20, "percent_covered": 75.0, "percent_covered_display": "75", "missing_lines": 5, "excluded_lines": 0}, "missing_lines": [41, 47, 53, 58, 59], "excluded_lines": []}, "TencentYuService.enabled": {"executed_lines": [71], "summary": {"covered_lines": 1, "num_statements": 1, "percent_covered": 100.0, "percent_covered_display": "100", "missing_lines": 0, "excluded_lines": 0}, "missing_lines": [], "excluded_lines": []}, "TencentYuService.image_moderation": {"executed_lines": [90, 91, 92, 94, 95, 96, 100, 102, 105, 106, 109, 110, 111, 113, 122, 123, 125, 126, 127, 128], "summary": {"covered_lines": 20, "num_statements": 20, "percent_covered": 100.0, "percent_covered_display": "100", "missing_lines": 0, "excluded_lines": 0}, "missing_lines": [], "excluded_lines": []}, "TencentYuService.text_moderation": {"executed_lines": [144, 145, 146, 148, 149, 151, 155, 157, 159, 165, 166, 168], "summary": {"covered_lines": 12, "num_statements": 15, "percent_covered": 80.0, "percent_covered_display": "80", "missing_lines": 3, "excluded_lines": 0}, "missing_lines": [169, 170, 171], "excluded_lines": []}, "TencentYuService.ocr_extract_text": {"executed_lines": [183, 184, 185, 187, 188, 189, 190, 192, 195, 196, 197, 199, 201, 202, 203, 204, 205, 206], "summary": {"covered_lines": 18, "num_statements": 18, "percent_covered": 100.0, "percent_covered_display": "100", "missing_lines": 0, "excluded_lines": 0}, "missing_lines": [], "excluded_lines": []}, "TencentYuService.batch_image_moderation": {"executed_lines": [218, 219, 220, 221, 222], "summary": {"covered_lines": 5, "num_statements": 5, "percent_covered": 100.0, "percent_covered_display": "100", "missing_lines": 0, "excluded_lines": 0}, "missing_lines": [], "excluded_lines": []}, "tencent_yu_image_check": {"executed_lines": [239, 240, 242, 243, 244, 245, 246, 247, 248, 249, 250, 252, 253, 255], "summary": {"covered_lines": 14, "num_statements": 14, "percent_covered": 100.0, "percent_covered_display": "100", "missing_lines": 0, "excluded_lines": 0}, "missing_lines": [], "excluded_lines": []}, "tencent_yu_text_check": {"executed_lines": [268, 269, 271, 272, 273, 275, 276, 278], "summary": {"covered_lines": 8, "num_statements": 8, "percent_covered": 100.0, "percent_covered_display": "100", "missing_lines": 0, "excluded_lines": 0}, "missing_lines": [], "excluded_lines": []}, "": {"executed_lines": [1, 5, 6, 7, 8, 9, 10, 11, 12, 14, 15, 17, 20, 21, 23, 68, 69, 73, 130, 173, 208, 226, 229, 258], "summary": {"covered_lines": 22, "num_statements": 22, "percent_covered": 100.0, "percent_covered_display": "100", "missing_lines": 0, "excluded_lines": 0}, "missing_lines": [], "excluded_lines": []}}, "classes": {"TencentYuService": {"executed_lines": [25, 26, 27, 28, 29, 30, 31, 33, 35, 61, 62, 63, 64, 65, 66, 71, 90, 91, 92, 94, 95, 96, 100, 102, 105, 106, 109, 110, 111, 113, 122, 123, 125, 126, 127, 128, 144, 145, 146, 148, 149, 151, 155, 157, 159, 165, 166, 168, 183, 184, 185, 187, 188, 189, 190, 192, 195, 196, 197, 199, 201, 202, 203, 204, 205, 206, 218, 219, 220, 221, 222], "summary": {"covered_lines": 71, "num_statements": 79, "percent_covered": 89.87341772151899, "percent_covered_display": "90", "missing_lines": 8, "excluded_lines": 0}, "missing_lines": [41, 47, 53, 58, 59, 169, 170, 171], "excluded_lines": []}, "": {"executed_lines": [1, 5, 6, 7, 8, 9, 10, 11, 12, 14, 15, 17, 20, 21, 23, 68, 69, 73, 130, 173, 208, 226, 229, 239, 240, 242, 243, 244, 245, 246, 247, 248, 249, 250, 252, 253, 255, 258, 268, 269, 271, 272, 273, 275, 276, 278], "summary": {"covered_lines": 44, "num_statements": 44, "percent_covered": 100.0, "percent_covered_display": "100", "missing_lines": 0, "excluded_lines": 0}, "missing_lines": [], "excluded_lines": []}}}, "app/utils/usePagination.py": {"executed_lines": [], "summary": {"covered_lines": 0, "num_statements": 11, "percent_covered": 0.0, "percent_covered_display": "0", "missing_lines": 11, "excluded_lines": 0}, "missing_lines": [5, 6, 8, 19, 20, 21, 24, 36, 37, 40, 58], "excluded_lines": [], "functions": {"calculate_pagination": {"executed_lines": [], "summary": {"covered_lines": 0, "num_statements": 3, "percent_covered": 0.0, "percent_covered_display": "0", "missing_lines": 3, "excluded_lines": 0}, "missing_lines": [19, 20, 21], "excluded_lines": []}, "apply_pagination": {"executed_lines": [], "summary": {"covered_lines": 0, "num_statements": 2, "percent_covered": 0.0, "percent_covered_display": "0", "missing_lines": 2, "excluded_lines": 0}, "missing_lines": [36, 37], "excluded_lines": []}, "paginated_response": {"executed_lines": [], "summary": {"covered_lines": 0, "num_statements": 1, "percent_covered": 0.0, "percent_covered_display": "0", "missing_lines": 1, "excluded_lines": 0}, "missing_lines": [58], "excluded_lines": []}, "": {"executed_lines": [], "summary": {"covered_lines": 0, "num_statements": 5, "percent_covered": 0.0, "percent_covered_display": "0", "missing_lines": 5, "excluded_lines": 0}, "missing_lines": [5, 6, 8, 24, 40], "excluded_lines": []}}, "classes": {"": {"executed_lines": [], "summary": {"covered_lines": 0, "num_statements": 11, "percent_covered": 0.0, "percent_covered_display": "0", "missing_lines": 11, "excluded_lines": 0}, "missing_lines": [5, 6, 8, 19, 20, 21, 24, 36, 37, 40, 58], "excluded_lines": []}}}, "app/utils/validation.py": {"executed_lines": [1, 4, 5, 6, 8, 11, 25, 26, 34, 51, 81, 105, 127], "summary": {"covered_lines": 12, "num_statements": 31, "percent_covered": 38.70967741935484, "percent_covered_display": "39", "missing_lines": 19, "excluded_lines": 0}, "missing_lines": [27, 28, 44, 45, 46, 47, 48, 66, 67, 74, 75, 91, 92, 98, 99, 116, 117, 141, 145], "excluded_lines": [], "functions": {"validate_uuid": {"executed_lines": [25, 26], "summary": {"covered_lines": 2, "num_statements": 4, "percent_covered": 50.0, "percent_covered_display": "50", "missing_lines": 2, "excluded_lines": 0}, "missing_lines": [27, 28], "excluded_lines": []}, "is_valid_uuid": {"executed_lines": [], "summary": {"covered_lines": 0, "num_statements": 5, "percent_covered": 0.0, "percent_covered_display": "0", "missing_lines": 5, "excluded_lines": 0}, "missing_lines": [44, 45, 46, 47, 48], "excluded_lines": []}, "validate_anonymous_name": {"executed_lines": [], "summary": {"covered_lines": 0, "num_statements": 4, "percent_covered": 0.0, "percent_covered_display": "0", "missing_lines": 4, "excluded_lines": 0}, "missing_lines": [66, 67, 74, 75], "excluded_lines": []}, "validate_salary_amount": {"executed_lines": [], "summary": {"covered_lines": 0, "num_statements": 4, "percent_covered": 0.0, "percent_covered_display": "0", "missing_lines": 4, "excluded_lines": 0}, "missing_lines": [91, 92, 98, 99], "excluded_lines": []}, "validate_content_length": {"executed_lines": [], "summary": {"covered_lines": 0, "num_statements": 2, "percent_covered": 0.0, "percent_covered_display": "0", "missing_lines": 2, "excluded_lines": 0}, "missing_lines": [116, 117], "excluded_lines": []}, "sanitize_user_input": {"executed_lines": [], "summary": {"covered_lines": 0, "num_statements": 2, "percent_covered": 0.0, "percent_covered_display": "0", "missing_lines": 2, "excluded_lines": 0}, "missing_lines": [141, 145], "excluded_lines": []}, "": {"executed_lines": [1, 4, 5, 6, 8, 11, 34, 51, 81, 105, 127], "summary": {"covered_lines": 10, "num_statements": 10, "percent_covered": 100.0, "percent_covered_display": "100", "missing_lines": 0, "excluded_lines": 0}, "missing_lines": [], "excluded_lines": []}}, "classes": {"": {"executed_lines": [1, 4, 5, 6, 8, 11, 25, 26, 34, 51, 81, 105, 127], "summary": {"covered_lines": 12, "num_statements": 31, "percent_covered": 38.70967741935484, "percent_covered_display": "39", "missing_lines": 19, "excluded_lines": 0}, "missing_lines": [27, 28, 44, 45, 46, 47, 48, 66, 67, 74, 75, 91, 92, 98, 99, 116, 117, 141, 145], "excluded_lines": []}}}, "app/utils/wechat.py": {"executed_lines": [1, 4, 5, 8, 13, 14, 15, 21, 22, 23, 24], "summary": {"covered_lines": 10, "num_statements": 10, "percent_covered": 100.0, "percent_covered_display": "100", "missing_lines": 0, "excluded_lines": 0}, "missing_lines": [], "excluded_lines": [], "functions": {"code2session": {"executed_lines": [13, 14, 15, 21, 22, 23, 24], "summary": {"covered_lines": 7, "num_statements": 7, "percent_covered": 100.0, "percent_covered_display": "100", "missing_lines": 0, "excluded_lines": 0}, "missing_lines": [], "excluded_lines": []}, "": {"executed_lines": [1, 4, 5, 8], "summary": {"covered_lines": 3, "num_statements": 3, "percent_covered": 100.0, "percent_covered_display": "100", "missing_lines": 0, "excluded_lines": 0}, "missing_lines": [], "excluded_lines": []}}, "classes": {"": {"executed_lines": [1, 4, 5, 8, 13, 14, 15, 21, 22, 23, 24], "summary": {"covered_lines": 10, "num_statements": 10, "percent_covered": 100.0, "percent_covered_display": "100", "missing_lines": 0, "excluded_lines": 0}, "missing_lines": [], "excluded_lines": []}}}, "app/utils/wechat_pay.py": {"executed_lines": [1, 5, 6, 7, 8, 9, 10, 12, 13, 14, 16, 18, 21, 23, 26, 28, 29, 30, 31, 32, 35, 37, 39, 40, 41, 42, 43, 44, 45, 46, 49, 52, 53, 55, 56, 58, 61, 68, 69, 71, 74, 156, 169, 172, 173, 176, 178, 179, 180, 183, 184, 188, 189, 190, 191, 194, 198, 199, 200, 204, 205, 210, 212, 214, 216, 218], "summary": {"covered_lines": 65, "num_statements": 85, "percent_covered": 76.47058823529412, "percent_covered_display": "76", "missing_lines": 20, "excluded_lines": 0}, "missing_lines": [94, 96, 110, 113, 116, 117, 118, 121, 123, 124, 126, 127, 130, 131, 132, 134, 137, 144, 146, 207], "excluded_lines": [], "functions": {"generate_nonce_str": {"executed_lines": [23], "summary": {"covered_lines": 1, "num_statements": 1, "percent_covered": 100.0, "percent_covered_display": "100", "missing_lines": 0, "excluded_lines": 0}, "missing_lines": [], "excluded_lines": []}, "dict_to_xml": {"executed_lines": [28, 29, 30, 31, 32], "summary": {"covered_lines": 5, "num_statements": 5, "percent_covered": 100.0, "percent_covered_display": "100", "missing_lines": 0, "excluded_lines": 0}, "missing_lines": [], "excluded_lines": []}, "xml_to_dict": {"executed_lines": [37, 39, 40, 41, 42, 43, 44, 45, 46], "summary": {"covered_lines": 9, "num_statements": 9, "percent_covered": 100.0, "percent_covered_display": "100", "missing_lines": 0, "excluded_lines": 0}, "missing_lines": [], "excluded_lines": []}, "sign_md5": {"executed_lines": [52, 53, 55, 56, 58], "summary": {"covered_lines": 5, "num_statements": 5, "percent_covered": 100.0, "percent_covered_display": "100", "missing_lines": 0, "excluded_lines": 0}, "missing_lines": [], "excluded_lines": []}, "verify_sign": {"executed_lines": [68, 69, 71], "summary": {"covered_lines": 3, "num_statements": 3, "percent_covered": 100.0, "percent_covered_display": "100", "missing_lines": 0, "excluded_lines": 0}, "missing_lines": [], "excluded_lines": []}, "create_mini_program_payment": {"executed_lines": [], "summary": {"covered_lines": 0, "num_statements": 19, "percent_covered": 0.0, "percent_covered_display": "0", "missing_lines": 19, "excluded_lines": 0}, "missing_lines": [94, 96, 110, 113, 116, 117, 118, 121, 123, 124, 126, 127, 130, 131, 132, 134, 137, 144, 146], "excluded_lines": []}, "parse_payment_notify": {"executed_lines": [169, 172, 173, 176, 178, 179, 180, 183, 184, 188, 189, 190, 191, 194, 198, 199, 200, 204, 205, 210, 212, 214, 216, 218], "summary": {"covered_lines": 24, "num_statements": 25, "percent_covered": 96.0, "percent_covered_display": "96", "missing_lines": 1, "excluded_lines": 0}, "missing_lines": [207], "excluded_lines": []}, "": {"executed_lines": [1, 5, 6, 7, 8, 9, 10, 12, 13, 14, 16, 18, 21, 26, 35, 49, 61, 74, 156], "summary": {"covered_lines": 18, "num_statements": 18, "percent_covered": 100.0, "percent_covered_display": "100", "missing_lines": 0, "excluded_lines": 0}, "missing_lines": [], "excluded_lines": []}}, "classes": {"": {"executed_lines": [1, 5, 6, 7, 8, 9, 10, 12, 13, 14, 16, 18, 21, 23, 26, 28, 29, 30, 31, 32, 35, 37, 39, 40, 41, 42, 43, 44, 45, 46, 49, 52, 53, 55, 56, 58, 61, 68, 69, 71, 74, 156, 169, 172, 173, 176, 178, 179, 180, 183, 184, 188, 189, 190, 191, 194, 198, 199, 200, 204, 205, 210, 212, 214, 216, 218], "summary": {"covered_lines": 65, "num_statements": 85, "percent_covered": 76.47058823529412, "percent_covered_display": "76", "missing_lines": 20, "excluded_lines": 0}, "missing_lines": [94, 96, 110, 113, 116, 117, 118, 121, 123, 124, 126, 127, 130, 131, 132, 134, 137, 144, 146, 207], "excluded_lines": []}}}}, "totals": {"covered_lines": 4440, "num_statements": 5334, "percent_covered": 83.23959505061868, "percent_covered_display": "83", "missing_lines": 894, "excluded_lines": 10}}